
=== Dataset Summary ===
X shape: (459, 90, 30)
y shape: (459,)
Number of classes in y: 9
Class counts:
  - 0 (attack_air): 51
  - 1 (defense_air): 51
  - 2 (attack_fire): 51
  - 3 (defense_fire): 51
  - 4 (attack_water): 51
  - 5 (defense_water): 51
  - 6 (attack_earth): 51
  - 7 (defense_earth): 51
  - 8 (idle): 51

=== Full Dataset Training Mode ===
Model type used: gru_motion

Using valid existing split indices

=== Split Sizes ===
Train: 321
Validation: 69
Test: 69

Train split class balance:
  - 0 (attack_air): 36
  - 1 (defense_air): 36
  - 2 (attack_fire): 36
  - 3 (defense_fire): 35
  - 4 (attack_water): 35
  - 5 (defense_water): 36
  - 6 (attack_earth): 35
  - 7 (defense_earth): 36
  - 8 (idle): 36

Validation split class balance:
  - 0 (attack_air): 8
  - 1 (defense_air): 8
  - 2 (attack_fire): 7
  - 3 (defense_fire): 8
  - 4 (attack_water): 8
  - 5 (defense_water): 7
  - 6 (attack_earth): 8
  - 7 (defense_earth): 7
  - 8 (idle): 8

Test split class balance:
  - 0 (attack_air): 7
  - 1 (defense_air): 7
  - 2 (attack_fire): 8
  - 3 (defense_fire): 8
  - 4 (attack_water): 8
  - 5 (defense_water): 8
  - 6 (attack_earth): 8
  - 7 (defense_earth): 8
  - 8 (idle): 7

=== Input Representation ===
Representation: position + delta (motion-aware)
Original per-sample shape: (90, 30)
Motion-aware per-sample shape: (90, 60)
Standardization applied: yes (train split only)
Sequence batch size: 32
Sequence learning rate: 0.001
Normalization stats saved to: D:\Documentos\Python Projects\Avatar-Arcade-Game\models\experiment_runs\20260412_085216\full_gru_motion\sequence_feature_mean.npy and D:\Documentos\Python Projects\Avatar-Arcade-Game\models\experiment_runs\20260412_085216\full_gru_motion\sequence_feature_std.npy
Model type: gru_motion
Masking used: no (after standardization, zero no longer means missing)

=== Model Summary ===
Model: "sequential"
+--------------------------------------------------------------------------+
| Layer (type)                    | Output Shape           |       Param # |
|---------------------------------+------------------------+---------------|
| gru (GRU)                       | (None, 128)            |        72,960 |
|---------------------------------+------------------------+---------------|
| dropout (Dropout)               | (None, 128)            |             0 |
|---------------------------------+------------------------+---------------|
| dense (Dense)                   | (None, 64)             |         8,256 |
|---------------------------------+------------------------+---------------|
| dropout_1 (Dropout)             | (None, 64)             |             0 |
|---------------------------------+------------------------+---------------|
| dense_1 (Dense)                 | (None, 9)              |           585 |
+--------------------------------------------------------------------------+
 Total params: 81,801 (319.54 KB)
 Trainable params: 81,801 (319.54 KB)
 Non-trainable params: 0 (0.00 B)

=== Training Configuration ===
Max epochs: 100
Batch size: 32
Checkpoint / EarlyStopping monitor: val_loss (mode=min)
EarlyStopping restore_best_weights: True
Epoch 1/100

[1m 1/11[0m [32m=[0m[37m===================[0m [1m16s[0m 2s/step - accuracy: 0.1562 - loss: 2.2518
[1m 3/11[0m [32m=====[0m[37m===============[0m [1m0s[0m 31ms/step - accuracy: 0.1198 - loss: 2.2420
[1m 5/11[0m [32m=========[0m[37m===========[0m [1m0s[0m 29ms/step - accuracy: 0.1159 - loss: 2.2394
[1m 7/11[0m [32m============[0m[37m========[0m [1m0s[0m 30ms/step - accuracy: 0.1191 - loss: 2.2349
[1m 9/11[0m [32m================[0m[37m====[0m [1m0s[0m 29ms/step - accuracy: 0.1196 - loss: 2.2367
[1m11/11[0m [32m====================[0m[37m[0m [1m0s[0m 29ms/step - accuracy: 0.1189 - loss: 2.2396
[1m11/11[0m [32m====================[0m[37m[0m [1m2s[0m 65ms/step - accuracy: 0.1153 - loss: 2.2526 - val_accuracy: 0.1304 - val_loss: 2.2295 - learning_rate: 0.0010
Epoch 2/100

[1m 1/11[0m [32m=[0m[37m===================[0m [1m0s[0m 54ms/step - accuracy: 0.2188 - loss: 2.1433
[1m 3/11[0m [32m=====[0m[37m===============[0m [1m0s[0m 27ms/step - accuracy: 0.1910 - loss: 2.1362
[1m 5/11[0m [32m=========[0m[37m===========[0m [1m0s[0m 47ms/step - accuracy: 0.1927 - loss: 2.1334
[1m 6/11[0m [32m==========[0m[37m==========[0m [1m0s[0m 59ms/step - accuracy: 0.1892 - loss: 2.1337
[1m 7/11[0m [32m============[0m[37m========[0m [1m0s[0m 68ms/step - accuracy: 0.1858 - loss: 2.1342
[1m 8/11[0m [32m==============[0m[37m======[0m [1m0s[0m 75ms/step - accuracy: 0.1826 - loss: 2.1358
[1m 9/11[0m [32m================[0m[37m====[0m [1m0s[0m 80ms/step - accuracy: 0.1797 - loss: 2.1384
[1m10/11[0m [32m==================[0m[37m==[0m [1m0s[0m 83ms/step - accuracy: 0.1761 - loss: 2.1412
[1m11/11[0m [32m====================[0m[37m[0m [1m1s[0m 114ms/step - accuracy: 0.1464 - loss: 2.1648 - val_accuracy: 0.1594 - val_loss: 2.2403 - learning_rate: 0.0010
Epoch 3/100

[1m 1/11[0m [32m=[0m[37m===================[0m [1m2s[0m 283ms/step - accuracy: 0.2188 - loss: 2.0977
[1m 2/11[0m [32m===[0m[37m=================[0m [1m1s[0m 112ms/step - accuracy: 0.1953 - loss: 2.1205
[1m 3/11[0m [32m=====[0m[37m===============[0m [1m0s[0m 110ms/step - accuracy: 0.1927 - loss: 2.1287
[1m 4/11[0m [32m=======[0m[37m=============[0m [1m0s[0m 113ms/step - accuracy: 0.1914 - loss: 2.1315
[1m 5/11[0m [32m=========[0m[37m===========[0m [1m0s[0m 113ms/step - accuracy: 0.1919 - loss: 2.1278
[1m 6/11[0m [32m==========[0m[37m==========[0m [1m0s[0m 118ms/step - accuracy: 0.1903 - loss: 2.1278
[1m 7/11[0m [32m============[0m[37m========[0m [1m0s[0m 122ms/step - accuracy: 0.1880 - loss: 2.1307
[1m 8/11[0m [32m==============[0m[37m======[0m [1m0s[0m 123ms/step - accuracy: 0.1869 - loss: 2.1334
[1m 9/11[0m [32m================[0m[37m====[0m [1m0s[0m 124ms/step - accuracy: 0.1843 - loss: 2.1360
[1m10/11[0m [32m==================[0m[37m==[0m [1m0s[0m 127ms/step - accuracy: 0.1827 - loss: 2.1387
[1m11/11[0m [32m====================[0m[37m[0m [1m2s[0m 150ms/step - accuracy: 0.1713 - loss: 2.1604 - val_accuracy: 0.1449 - val_loss: 2.2622 - learning_rate: 0.0010
Epoch 4/100

[1m 1/11[0m [32m=[0m[37m===================[0m [1m2s[0m 214ms/step - accuracy: 0.1875 - loss: 2.2113
[1m 2/11[0m [32m===[0m[37m=================[0m [1m1s[0m 114ms/step - accuracy: 0.1797 - loss: 2.2083
[1m 3/11[0m [32m=====[0m[37m===============[0m [1m0s[0m 124ms/step - accuracy: 0.1788 - loss: 2.1983
[1m 4/11[0m [32m=======[0m[37m=============[0m [1m0s[0m 127ms/step - accuracy: 0.1790 - loss: 2.1883
[1m 5/11[0m [32m=========[0m[37m===========[0m [1m0s[0m 124ms/step - accuracy: 0.1807 - loss: 2.1779
[1m 6/11[0m [32m==========[0m[37m==========[0m [1m0s[0m 121ms/step - accuracy: 0.1810 - loss: 2.1712
[1m 7/11[0m [32m============[0m[37m========[0m [1m0s[0m 119ms/step - accuracy: 0.1794 - loss: 2.1681
[1m 8/11[0m [32m==============[0m[37m======[0m [1m0s[0m 118ms/step - accuracy: 0.1794 - loss: 2.1652
[1m 9/11[0m [32m================[0m[37m====[0m [1m0s[0m 118ms/step - accuracy: 0.1792 - loss: 2.1637
[1m10/11[0m [32m==================[0m[37m==[0m [1m0s[0m 118ms/step - accuracy: 0.1794 - loss: 2.1625
[1m11/11[0m [32m====================[0m[37m[0m [1m0s[0m 112ms/step - accuracy: 0.1798 - loss: 2.1611
[1m11/11[0m [32m====================[0m[37m[0m [1m2s[0m 144ms/step - accuracy: 0.1838 - loss: 2.1470 - val_accuracy: 0.1304 - val_loss: 2.2870 - learning_rate: 0.0010
Epoch 5/100

[1m 1/11[0m [32m=[0m[37m===================[0m [1m1s[0m 197ms/step - accuracy: 0.2188 - loss: 2.1401
[1m 2/11[0m [32m===[0m[37m=================[0m [1m1s[0m 115ms/step - accuracy: 0.2188 - loss: 2.1427
[1m 3/11[0m [32m=====[0m[37m===============[0m [1m0s[0m 114ms/step - accuracy: 0.2188 - loss: 2.1391
[1m 4/11[0m [32m=======[0m[37m=============[0m [1m0s[0m 114ms/step - accuracy: 0.2109 - loss: 2.1360
[1m 5/11[0m [32m=========[0m[37m===========[0m [1m0s[0m 114ms/step - accuracy: 0.2150 - loss: 2.1279
[1m 6/11[0m [32m==========[0m[37m==========[0m [1m0s[0m 113ms/step - accuracy: 0.2148 - loss: 2.1243
[1m 7/11[0m [32m============[0m[37m========[0m [1m0s[0m 111ms/step - accuracy: 0.2115 - loss: 2.1235
[1m 8/11[0m [32m==============[0m[37m======[0m [1m0s[0m 108ms/step - accuracy: 0.2090 - loss: 2.1223
[1m 9/11[0m [32m================[0m[37m====[0m [1m0s[0m 109ms/step - accuracy: 0.2066 - loss: 2.1217
[1m10/11[0m [32m==================[0m[37m==[0m [1m0s[0m 109ms/step - accuracy: 0.2041 - loss: 2.1233
[1m11/11[0m [32m====================[0m[37m[0m [1m2s[0m 134ms/step - accuracy: 0.1838 - loss: 2.1320 - val_accuracy: 0.1304 - val_loss: 2.3048 - learning_rate: 0.0010
Epoch 6/100

[1m 1/11[0m [32m=[0m[37m===================[0m [1m0s[0m 52ms/step - accuracy: 0.2812 - loss: 2.0651
[1m 3/11[0m [32m=====[0m[37m===============[0m [1m0s[0m 26ms/step - accuracy: 0.2448 - loss: 2.0876
[1m 5/11[0m [32m=========[0m[37m===========[0m [1m0s[0m 27ms/step - accuracy: 0.2466 - loss: 2.0793
[1m 7/11[0m [32m============[0m[37m========[0m [1m0s[0m 27ms/step - accuracy: 0.2440 - loss: 2.0797
[1m 9/11[0m [32m================[0m[37m====[0m [1m0s[0m 27ms/step - accuracy: 0.2417 - loss: 2.0821
[1m11/11[0m [32m====================[0m[37m[0m [1m0s[0m 33ms/step - accuracy: 0.2181 - loss: 2.1008 - val_accuracy: 0.1449 - val_loss: 2.3065 - learning_rate: 5.0000e-04
Epoch 7/100

[1m 1/11[0m [32m=[0m[37m===================[0m [1m0s[0m 53ms/step - accuracy: 0.2500 - loss: 2.0492
[1m 3/11[0m [32m=====[0m[37m===============[0m [1m0s[0m 26ms/step - accuracy: 0.2378 - loss: 2.0742
[1m 5/11[0m [32m=========[0m[37m===========[0m [1m0s[0m 27ms/step - accuracy: 0.2261 - loss: 2.0725
[1m 7/11[0m [32m============[0m[37m========[0m [1m0s[0m 27ms/step - accuracy: 0.2192 - loss: 2.0733
[1m 9/11[0m [32m================[0m[37m====[0m [1m0s[0m 27ms/step - accuracy: 0.2126 - loss: 2.0756
[1m11/11[0m [32m====================[0m[37m[0m [1m0s[0m 33ms/step - accuracy: 0.1963 - loss: 2.0840 - val_accuracy: 0.1449 - val_loss: 2.3056 - learning_rate: 5.0000e-04
Epoch 8/100

[1m 1/11[0m [32m=[0m[37m===================[0m [1m0s[0m 52ms/step - accuracy: 0.2500 - loss: 2.0336
[1m 3/11[0m [32m=====[0m[37m===============[0m [1m0s[0m 27ms/step - accuracy: 0.2552 - loss: 2.0491
[1m 5/11[0m [32m=========[0m[37m===========[0m [1m0s[0m 27ms/step - accuracy: 0.2594 - loss: 2.0516
[1m 7/11[0m [32m============[0m[37m========[0m [1m0s[0m 27ms/step - accuracy: 0.2582 - loss: 2.0599
[1m 9/11[0m [32m================[0m[37m====[0m [1m0s[0m 27ms/step - accuracy: 0.2527 - loss: 2.0679
[1m11/11[0m [32m====================[0m[37m[0m [1m0s[0m 34ms/step - accuracy: 0.2181 - loss: 2.0944 - val_accuracy: 0.1449 - val_loss: 2.3136 - learning_rate: 5.0000e-04
Epoch 9/100

[1m 1/11[0m [32m=[0m[37m===================[0m [1m0s[0m 53ms/step - accuracy: 0.2812 - loss: 1.9955
[1m 3/11[0m [32m=====[0m[37m===============[0m [1m0s[0m 26ms/step - accuracy: 0.2691 - loss: 2.0135
[1m 5/11[0m [32m=========[0m[37m===========[0m [1m0s[0m 27ms/step - accuracy: 0.2705 - loss: 2.0175
[1m 7/11[0m [32m============[0m[37m========[0m [1m0s[0m 26ms/step - accuracy: 0.2728 - loss: 2.0226
[1m 9/11[0m [32m================[0m[37m====[0m [1m0s[0m 26ms/step - accuracy: 0.2727 - loss: 2.0295
[1m11/11[0m [32m====================[0m[37m[0m [1m0s[0m 33ms/step - accuracy: 0.2648 - loss: 2.0570 - val_accuracy: 0.1449 - val_loss: 2.3248 - learning_rate: 5.0000e-04
Epoch 10/100

[1m 1/11[0m [32m=[0m[37m===================[0m [1m0s[0m 55ms/step - accuracy: 0.2500 - loss: 2.0186
[1m 3/11[0m [32m=====[0m[37m===============[0m [1m0s[0m 27ms/step - accuracy: 0.2483 - loss: 2.0439
[1m 5/11[0m [32m=========[0m[37m===========[0m [1m0s[0m 28ms/step - accuracy: 0.2583 - loss: 2.0351
[1m 7/11[0m [32m============[0m[37m========[0m [1m0s[0m 28ms/step - accuracy: 0.2581 - loss: 2.0337
[1m 9/11[0m [32m================[0m[37m====[0m [1m0s[0m 28ms/step - accuracy: 0.2555 - loss: 2.0384
[1m11/11[0m [32m====================[0m[37m[0m [1m0s[0m 35ms/step - accuracy: 0.2461 - loss: 2.0572 - val_accuracy: 0.1159 - val_loss: 2.3303 - learning_rate: 2.5000e-04
Epoch 11/100

[1m 1/11[0m [32m=[0m[37m===================[0m [1m0s[0m 58ms/step - accuracy: 0.2500 - loss: 2.0082
[1m 3/11[0m [32m=====[0m[37m===============[0m [1m0s[0m 28ms/step - accuracy: 0.2396 - loss: 2.0289
[1m 5/11[0m [32m=========[0m[37m===========[0m [1m0s[0m 27ms/step - accuracy: 0.2431 - loss: 2.0238
[1m 8/11[0m [32m==============[0m[37m======[0m [1m0s[0m 27ms/step - accuracy: 0.2446 - loss: 2.0274
[1m10/11[0m [32m==================[0m[37m==[0m [1m0s[0m 27ms/step - accuracy: 0.2443 - loss: 2.0310
[1m11/11[0m [32m====================[0m[37m[0m [1m0s[0m 33ms/step - accuracy: 0.2492 - loss: 2.0389 - val_accuracy: 0.1014 - val_loss: 2.3310 - learning_rate: 2.5000e-04

=== Final Metrics ===
Validation accuracy: 0.1304 (loss: 2.2295)
Test accuracy: 0.0725 (loss: 2.2266)

=== Training Run Summary ===
Epochs actually run: 11/100
EarlyStopping triggered: yes
Best val_loss epoch: 1
Best val_accuracy epoch: 2
Best val_loss epoch: 1
Final restored checkpoint source: D:\Documentos\Python Projects\Avatar-Arcade-Game\models\experiment_runs\20260412_085216\full_gru_motion\checkpoints\best_gru_motion.keras

=== Saved Outputs ===
- Best checkpoint: D:\Documentos\Python Projects\Avatar-Arcade-Game\models\experiment_runs\20260412_085216\full_gru_motion\checkpoints\best_gru_motion.keras
- Training history CSV: D:\Documentos\Python Projects\Avatar-Arcade-Game\models\experiment_runs\20260412_085216\full_gru_motion\gru_motion_training_history.csv
- Training history plot: D:\Documentos\Python Projects\Avatar-Arcade-Game\models\experiment_runs\20260412_085216\full_gru_motion\gru_motion_training_history.png
- Classification report: D:\Documentos\Python Projects\Avatar-Arcade-Game\models\experiment_runs\20260412_085216\full_gru_motion\gru_motion_classification_report.txt
- Confusion matrix CSV: D:\Documentos\Python Projects\Avatar-Arcade-Game\models\experiment_runs\20260412_085216\full_gru_motion\gru_motion_confusion_matrix.csv
- Confusion matrix PNG: D:\Documentos\Python Projects\Avatar-Arcade-Game\models\experiment_runs\20260412_085216\full_gru_motion\gru_motion_confusion_matrix.png
- Test predictions CSV: D:\Documentos\Python Projects\Avatar-Arcade-Game\models\experiment_runs\20260412_085216\full_gru_motion\gru_motion_test_predictions.csv
- Split indices: data\splits\train_indices.npy, data\splits\val_indices.npy, data\splits\test_indices.npy
- Split copy dir: D:\Documentos\Python Projects\Avatar-Arcade-Game\models\experiment_runs\20260412_085216\full_gru_motion\splits
