
=== Dataset Summary ===
X shape: (459, 90, 30)
y shape: (459,)
Number of classes in y: 9
Class counts:
  - 0 (attack_air): 51
  - 1 (defense_air): 51
  - 2 (attack_fire): 51
  - 3 (defense_fire): 51
  - 4 (attack_water): 51
  - 5 (defense_water): 51
  - 6 (attack_earth): 51
  - 7 (defense_earth): 51
  - 8 (idle): 51

=== Tiny Overfit Diagnostic Mode (enabled) ===
This mode trains on a tiny balanced subset only (no train/val/test split).
Tiny model type: mlp
Tiny subset shape: X=(18, 90, 30), y=(18,)
Expected target is ~18 samples for 9 classes (if all classes have >= 2 samples).

=== Model Summary ===
Model: "sequential"
+--------------------------------------------------------------------------+
| Layer (type)                    | Output Shape           |       Param # |
|---------------------------------+------------------------+---------------|
| dense (Dense)                   | (None, 256)            |       691,456 |
|---------------------------------+------------------------+---------------|
| dense_1 (Dense)                 | (None, 128)            |        32,896 |
|---------------------------------+------------------------+---------------|
| dense_2 (Dense)                 | (None, 9)              |         1,161 |
+--------------------------------------------------------------------------+
 Total params: 725,513 (2.77 MB)
 Trainable params: 725,513 (2.77 MB)
 Non-trainable params: 0 (0.00 B)
Epoch 1/300

[1m 1/18[0m [32m=[0m[37m===================[0m [1m9s[0m 569ms/step - accuracy: 0.0000e+00 - loss: 1.8700
[1m18/18[0m [32m====================[0m[37m[0m [1m1s[0m 4ms/step - accuracy: 0.0000e+00 - loss: 3.3597  
Epoch 2/300

[1m 1/18[0m [32m=[0m[37m===================[0m [1m0s[0m 32ms/step - accuracy: 0.0000e+00 - loss: 2.3909
[1m18/18[0m [32m====================[0m[37m[0m [1m0s[0m 3ms/step - accuracy: 0.1111 - loss: 3.0835     
Epoch 3/300

[1m 1/18[0m [32m=[0m[37m===================[0m [1m0s[0m 25ms/step - accuracy: 0.0000e+00 - loss: 2.3950
[1m18/18[0m [32m====================[0m[37m[0m [1m0s[0m 3ms/step - accuracy: 0.1111 - loss: 2.1311     
Epoch 4/300

[1m 1/18[0m [32m=[0m[37m===================[0m [1m0s[0m 26ms/step - accuracy: 1.0000 - loss: 1.6515
[1m18/18[0m [32m====================[0m[37m[0m [1m0s[0m 4ms/step - accuracy: 0.3333 - loss: 1.8325 
Epoch 5/300

[1m 1/18[0m [32m=[0m[37m===================[0m [1m0s[0m 27ms/step - accuracy: 1.0000 - loss: 1.3041
[1m18/18[0m [32m====================[0m[37m[0m [1m0s[0m 3ms/step - accuracy: 0.5000 - loss: 1.5494 
Epoch 6/300

[1m 1/18[0m [32m=[0m[37m===================[0m [1m0s[0m 26ms/step - accuracy: 1.0000 - loss: 0.8176
[1m18/18[0m [32m====================[0m[37m[0m [1m0s[0m 4ms/step - accuracy: 0.6111 - loss: 1.3893 
Epoch 7/300

[1m 1/18[0m [32m=[0m[37m===================[0m [1m0s[0m 27ms/step - accuracy: 1.0000 - loss: 0.5877
[1m18/18[0m [32m====================[0m[37m[0m [1m0s[0m 3ms/step - accuracy: 0.6111 - loss: 1.1643 
Epoch 8/300

[1m 1/18[0m [32m=[0m[37m===================[0m [1m0s[0m 25ms/step - accuracy: 1.0000 - loss: 0.5155
[1m18/18[0m [32m====================[0m[37m[0m [1m0s[0m 4ms/step - accuracy: 0.7778 - loss: 0.8664 
Epoch 9/300

[1m 1/18[0m [32m=[0m[37m===================[0m [1m0s[0m 26ms/step - accuracy: 1.0000 - loss: 0.2985
[1m18/18[0m [32m====================[0m[37m[0m [1m0s[0m 3ms/step - accuracy: 0.7222 - loss: 0.6855 
Epoch 10/300

[1m 1/18[0m [32m=[0m[37m===================[0m [1m0s[0m 29ms/step - accuracy: 1.0000 - loss: 0.2902
[1m18/18[0m [32m====================[0m[37m[0m [1m0s[0m 4ms/step - accuracy: 0.8333 - loss: 0.5971 
Epoch 11/300

[1m 1/18[0m [32m=[0m[37m===================[0m [1m0s[0m 26ms/step - accuracy: 1.0000 - loss: 0.1115
[1m18/18[0m [32m====================[0m[37m[0m [1m0s[0m 3ms/step - accuracy: 1.0000 - loss: 0.4821 
Epoch 12/300

[1m 1/18[0m [32m=[0m[37m===================[0m [1m0s[0m 26ms/step - accuracy: 1.0000 - loss: 0.1275
[1m18/18[0m [32m====================[0m[37m[0m [1m0s[0m 3ms/step - accuracy: 1.0000 - loss: 0.3826 
Epoch 13/300

[1m 1/18[0m [32m=[0m[37m===================[0m [1m0s[0m 27ms/step - accuracy: 1.0000 - loss: 0.1151
[1m18/18[0m [32m====================[0m[37m[0m [1m0s[0m 3ms/step - accuracy: 1.0000 - loss: 0.3259 
Epoch 14/300

[1m 1/18[0m [32m=[0m[37m===================[0m [1m0s[0m 26ms/step - accuracy: 1.0000 - loss: 0.0796
[1m18/18[0m [32m====================[0m[37m[0m [1m0s[0m 3ms/step - accuracy: 1.0000 - loss: 0.2604 
Epoch 15/300

[1m 1/18[0m [32m=[0m[37m===================[0m [1m0s[0m 33ms/step - accuracy: 1.0000 - loss: 0.0785
[1m18/18[0m [32m====================[0m[37m[0m [1m0s[0m 3ms/step - accuracy: 1.0000 - loss: 0.2056 
Epoch 16/300

[1m 1/18[0m [32m=[0m[37m===================[0m [1m0s[0m 29ms/step - accuracy: 1.0000 - loss: 0.0541
[1m18/18[0m [32m====================[0m[37m[0m [1m0s[0m 3ms/step - accuracy: 1.0000 - loss: 0.1723 
Epoch 17/300

[1m 1/18[0m [32m=[0m[37m===================[0m [1m0s[0m 25ms/step - accuracy: 1.0000 - loss: 0.0577
[1m18/18[0m [32m====================[0m[37m[0m [1m0s[0m 3ms/step - accuracy: 1.0000 - loss: 0.1398 
Epoch 18/300

[1m 1/18[0m [32m=[0m[37m===================[0m [1m0s[0m 28ms/step - accuracy: 1.0000 - loss: 0.0447
[1m18/18[0m [32m====================[0m[37m[0m [1m0s[0m 3ms/step - accuracy: 1.0000 - loss: 0.1205 
Epoch 19/300

[1m 1/18[0m [32m=[0m[37m===================[0m [1m0s[0m 27ms/step - accuracy: 1.0000 - loss: 0.0417
[1m18/18[0m [32m====================[0m[37m[0m [1m0s[0m 4ms/step - accuracy: 1.0000 - loss: 0.0985 
Epoch 20/300

[1m 1/18[0m [32m=[0m[37m===================[0m [1m0s[0m 28ms/step - accuracy: 1.0000 - loss: 0.0368
[1m18/18[0m [32m====================[0m[37m[0m [1m0s[0m 3ms/step - accuracy: 1.0000 - loss: 0.0848 
Epoch 21/300

[1m 1/18[0m [32m=[0m[37m===================[0m [1m0s[0m 29ms/step - accuracy: 1.0000 - loss: 0.0336
[1m18/18[0m [32m====================[0m[37m[0m [1m0s[0m 4ms/step - accuracy: 1.0000 - loss: 0.0702 
Epoch 22/300

[1m 1/18[0m [32m=[0m[37m===================[0m [1m0s[0m 28ms/step - accuracy: 1.0000 - loss: 0.0293
[1m18/18[0m [32m====================[0m[37m[0m [1m0s[0m 4ms/step - accuracy: 1.0000 - loss: 0.0634 
Epoch 23/300

[1m 1/18[0m [32m=[0m[37m===================[0m [1m0s[0m 30ms/step - accuracy: 1.0000 - loss: 0.0240
[1m18/18[0m [32m====================[0m[37m[0m [1m0s[0m 3ms/step - accuracy: 1.0000 - loss: 0.0541 
Epoch 24/300

[1m 1/18[0m [32m=[0m[37m===================[0m [1m0s[0m 27ms/step - accuracy: 1.0000 - loss: 0.0218
[1m18/18[0m [32m====================[0m[37m[0m [1m0s[0m 3ms/step - accuracy: 1.0000 - loss: 0.0485 
Epoch 25/300

[1m 1/18[0m [32m=[0m[37m===================[0m [1m0s[0m 28ms/step - accuracy: 1.0000 - loss: 0.0187
[1m18/18[0m [32m====================[0m[37m[0m [1m0s[0m 3ms/step - accuracy: 1.0000 - loss: 0.0423 
Epoch 26/300

[1m 1/18[0m [32m=[0m[37m===================[0m [1m0s[0m 25ms/step - accuracy: 1.0000 - loss: 0.0186
[1m18/18[0m [32m====================[0m[37m[0m [1m0s[0m 3ms/step - accuracy: 1.0000 - loss: 0.0387 
Epoch 27/300

[1m 1/18[0m [32m=[0m[37m===================[0m [1m0s[0m 25ms/step - accuracy: 1.0000 - loss: 0.0171
[1m18/18[0m [32m====================[0m[37m[0m [1m0s[0m 3ms/step - accuracy: 1.0000 - loss: 0.0342 
Epoch 28/300

[1m 1/18[0m [32m=[0m[37m===================[0m [1m0s[0m 28ms/step - accuracy: 1.0000 - loss: 0.0154
[1m17/18[0m [32m==================[0m[37m==[0m [1m0s[0m 3ms/step - accuracy: 1.0000 - loss: 0.0308 
[1m18/18[0m [32m====================[0m[37m[0m [1m0s[0m 4ms/step - accuracy: 1.0000 - loss: 0.0315
Epoch 29/300

[1m 1/18[0m [32m=[0m[37m===================[0m [1m0s[0m 26ms/step - accuracy: 1.0000 - loss: 0.0141
[1m18/18[0m [32m====================[0m[37m[0m [1m0s[0m 3ms/step - accuracy: 1.0000 - loss: 0.0286 
Epoch 30/300

[1m 1/18[0m [32m=[0m[37m===================[0m [1m0s[0m 27ms/step - accuracy: 1.0000 - loss: 0.0124
[1m18/18[0m [32m====================[0m[37m[0m [1m0s[0m 3ms/step - accuracy: 1.0000 - loss: 0.0264 
Epoch 31/300

[1m 1/18[0m [32m=[0m[37m===================[0m [1m0s[0m 28ms/step - accuracy: 1.0000 - loss: 0.0119
[1m18/18[0m [32m====================[0m[37m[0m [1m0s[0m 3ms/step - accuracy: 1.0000 - loss: 0.0241 
Epoch 32/300

[1m 1/18[0m [32m=[0m[37m===================[0m [1m0s[0m 25ms/step - accuracy: 1.0000 - loss: 0.0107
[1m18/18[0m [32m====================[0m[37m[0m [1m0s[0m 3ms/step - accuracy: 1.0000 - loss: 0.0224 
Epoch 33/300

[1m 1/18[0m [32m=[0m[37m===================[0m [1m0s[0m 27ms/step - accuracy: 1.0000 - loss: 0.0103
[1m18/18[0m [32m====================[0m[37m[0m [1m0s[0m 3ms/step - accuracy: 1.0000 - loss: 0.0207 
Epoch 34/300

[1m 1/18[0m [32m=[0m[37m===================[0m [1m0s[0m 28ms/step - accuracy: 1.0000 - loss: 0.0094
[1m18/18[0m [32m====================[0m[37m[0m [1m0s[0m 3ms/step - accuracy: 1.0000 - loss: 0.0192 
Epoch 35/300

[1m 1/18[0m [32m=[0m[37m===================[0m [1m0s[0m 27ms/step - accuracy: 1.0000 - loss: 0.0087
[1m18/18[0m [32m====================[0m[37m[0m [1m0s[0m 3ms/step - accuracy: 1.0000 - loss: 0.0177 
Epoch 36/300

[1m 1/18[0m [32m=[0m[37m===================[0m [1m0s[0m 31ms/step - accuracy: 1.0000 - loss: 0.0078
[1m18/18[0m [32m====================[0m[37m[0m [1m0s[0m 3ms/step - accuracy: 1.0000 - loss: 0.0164 
Epoch 37/300

[1m 1/18[0m [32m=[0m[37m===================[0m [1m0s[0m 27ms/step - accuracy: 1.0000 - loss: 0.0074
[1m18/18[0m [32m====================[0m[37m[0m [1m0s[0m 3ms/step - accuracy: 1.0000 - loss: 0.0151 
Epoch 38/300

[1m 1/18[0m [32m=[0m[37m===================[0m [1m0s[0m 26ms/step - accuracy: 1.0000 - loss: 0.0066
[1m18/18[0m [32m====================[0m[37m[0m [1m0s[0m 3ms/step - accuracy: 1.0000 - loss: 0.0140 
Epoch 39/300

[1m 1/18[0m [32m=[0m[37m===================[0m [1m0s[0m 32ms/step - accuracy: 1.0000 - loss: 0.0063
[1m18/18[0m [32m====================[0m[37m[0m [1m0s[0m 4ms/step - accuracy: 1.0000 - loss: 0.0131 
Epoch 40/300

[1m 1/18[0m [32m=[0m[37m===================[0m [1m0s[0m 27ms/step - accuracy: 1.0000 - loss: 0.0069
[1m18/18[0m [32m====================[0m[37m[0m [1m0s[0m 3ms/step - accuracy: 1.0000 - loss: 0.0123 
Epoch 41/300

[1m 1/18[0m [32m=[0m[37m===================[0m [1m0s[0m 30ms/step - accuracy: 1.0000 - loss: 0.0057
[1m18/18[0m [32m====================[0m[37m[0m [1m0s[0m 3ms/step - accuracy: 1.0000 - loss: 0.0115 
Epoch 42/300

[1m 1/18[0m [32m=[0m[37m===================[0m [1m0s[0m 25ms/step - accuracy: 1.0000 - loss: 0.0053
[1m18/18[0m [32m====================[0m[37m[0m [1m0s[0m 3ms/step - accuracy: 1.0000 - loss: 0.0108 
Epoch 43/300

[1m 1/18[0m [32m=[0m[37m===================[0m [1m0s[0m 27ms/step - accuracy: 1.0000 - loss: 0.0050
[1m18/18[0m [32m====================[0m[37m[0m [1m0s[0m 3ms/step - accuracy: 1.0000 - loss: 0.0101 
Epoch 44/300

[1m 1/18[0m [32m=[0m[37m===================[0m [1m0s[0m 27ms/step - accuracy: 1.0000 - loss: 0.0049
[1m18/18[0m [32m====================[0m[37m[0m [1m0s[0m 3ms/step - accuracy: 1.0000 - loss: 0.0096 
Epoch 45/300

[1m 1/18[0m [32m=[0m[37m===================[0m [1m0s[0m 28ms/step - accuracy: 1.0000 - loss: 0.0045
[1m18/18[0m [32m====================[0m[37m[0m [1m0s[0m 3ms/step - accuracy: 1.0000 - loss: 0.0090 
Epoch 46/300

[1m 1/18[0m [32m=[0m[37m===================[0m [1m0s[0m 26ms/step - accuracy: 1.0000 - loss: 0.0042
[1m18/18[0m [32m====================[0m[37m[0m [1m0s[0m 3ms/step - accuracy: 1.0000 - loss: 0.0086 
Epoch 47/300

[1m 1/18[0m [32m=[0m[37m===================[0m [1m0s[0m 26ms/step - accuracy: 1.0000 - loss: 0.0042
[1m18/18[0m [32m====================[0m[37m[0m [1m0s[0m 3ms/step - accuracy: 1.0000 - loss: 0.0081 
Epoch 48/300

[1m 1/18[0m [32m=[0m[37m===================[0m [1m0s[0m 25ms/step - accuracy: 1.0000 - loss: 0.0040
[1m18/18[0m [32m====================[0m[37m[0m [1m0s[0m 3ms/step - accuracy: 1.0000 - loss: 0.0077 
Epoch 49/300

[1m 1/18[0m [32m=[0m[37m===================[0m [1m0s[0m 26ms/step - accuracy: 1.0000 - loss: 0.0038
[1m18/18[0m [32m====================[0m[37m[0m [1m0s[0m 3ms/step - accuracy: 1.0000 - loss: 0.0073 
Epoch 50/300

[1m 1/18[0m [32m=[0m[37m===================[0m [1m0s[0m 27ms/step - accuracy: 1.0000 - loss: 0.0037
[1m18/18[0m [32m====================[0m[37m[0m [1m0s[0m 3ms/step - accuracy: 1.0000 - loss: 0.0070 
Epoch 51/300

[1m 1/18[0m [32m=[0m[37m===================[0m [1m0s[0m 24ms/step - accuracy: 1.0000 - loss: 0.0035
[1m18/18[0m [32m====================[0m[37m[0m [1m0s[0m 3ms/step - accuracy: 1.0000 - loss: 0.0066 
Epoch 52/300

[1m 1/18[0m [32m=[0m[37m===================[0m [1m0s[0m 31ms/step - accuracy: 1.0000 - loss: 0.0034
[1m18/18[0m [32m====================[0m[37m[0m [1m0s[0m 3ms/step - accuracy: 1.0000 - loss: 0.0062 
[1m18/18[0m [32m====================[0m[37m[0m [1m0s[0m 4ms/step - accuracy: 1.0000 - loss: 0.0063
Epoch 53/300

[1m 1/18[0m [32m=[0m[37m===================[0m [1m0s[0m 26ms/step - accuracy: 1.0000 - loss: 0.0031
[1m18/18[0m [32m====================[0m[37m[0m [1m0s[0m 3ms/step - accuracy: 1.0000 - loss: 0.0060 
Epoch 54/300

[1m 1/18[0m [32m=[0m[37m===================[0m [1m0s[0m 26ms/step - accuracy: 1.0000 - loss: 0.0031
[1m18/18[0m [32m====================[0m[37m[0m [1m0s[0m 3ms/step - accuracy: 1.0000 - loss: 0.0057 
Epoch 55/300

[1m 1/18[0m [32m=[0m[37m===================[0m [1m0s[0m 25ms/step - accuracy: 1.0000 - loss: 0.0029
[1m18/18[0m [32m====================[0m[37m[0m [1m0s[0m 3ms/step - accuracy: 1.0000 - loss: 0.0055 
Epoch 56/300

[1m 1/18[0m [32m=[0m[37m===================[0m [1m0s[0m 26ms/step - accuracy: 1.0000 - loss: 0.0030
[1m18/18[0m [32m====================[0m[37m[0m [1m0s[0m 3ms/step - accuracy: 1.0000 - loss: 0.0053 
Epoch 57/300

[1m 1/18[0m [32m=[0m[37m===================[0m [1m0s[0m 26ms/step - accuracy: 1.0000 - loss: 0.0027
[1m18/18[0m [32m====================[0m[37m[0m [1m0s[0m 3ms/step - accuracy: 1.0000 - loss: 0.0050 
Epoch 58/300

[1m 1/18[0m [32m=[0m[37m===================[0m [1m0s[0m 28ms/step - accuracy: 1.0000 - loss: 0.0026
[1m18/18[0m [32m====================[0m[37m[0m [1m0s[0m 4ms/step - accuracy: 1.0000 - loss: 0.0048 
Epoch 59/300

[1m 1/18[0m [32m=[0m[37m===================[0m [1m0s[0m 25ms/step - accuracy: 1.0000 - loss: 0.0025
[1m18/18[0m [32m====================[0m[37m[0m [1m0s[0m 4ms/step - accuracy: 1.0000 - loss: 0.0046 
Epoch 60/300

[1m 1/18[0m [32m=[0m[37m===================[0m [1m0s[0m 27ms/step - accuracy: 1.0000 - loss: 0.0024
[1m18/18[0m [32m====================[0m[37m[0m [1m0s[0m 3ms/step - accuracy: 1.0000 - loss: 0.0044 
Epoch 61/300

[1m 1/18[0m [32m=[0m[37m===================[0m [1m0s[0m 25ms/step - accuracy: 1.0000 - loss: 0.0023
[1m18/18[0m [32m====================[0m[37m[0m [1m0s[0m 3ms/step - accuracy: 1.0000 - loss: 0.0043 
Epoch 62/300

[1m 1/18[0m [32m=[0m[37m===================[0m [1m0s[0m 25ms/step - accuracy: 1.0000 - loss: 0.0024
[1m18/18[0m [32m====================[0m[37m[0m [1m0s[0m 3ms/step - accuracy: 1.0000 - loss: 0.0041 
Epoch 63/300

[1m 1/18[0m [32m=[0m[37m===================[0m [1m0s[0m 30ms/step - accuracy: 1.0000 - loss: 0.0022
[1m18/18[0m [32m====================[0m[37m[0m [1m0s[0m 4ms/step - accuracy: 1.0000 - loss: 0.0039 
Epoch 64/300

[1m 1/18[0m [32m=[0m[37m===================[0m [1m0s[0m 28ms/step - accuracy: 1.0000 - loss: 0.0021
[1m18/18[0m [32m====================[0m[37m[0m [1m0s[0m 3ms/step - accuracy: 1.0000 - loss: 0.0038 
Epoch 65/300

[1m 1/18[0m [32m=[0m[37m===================[0m [1m0s[0m 38ms/step - accuracy: 1.0000 - loss: 0.0020
[1m18/18[0m [32m====================[0m[37m[0m [1m0s[0m 4ms/step - accuracy: 1.0000 - loss: 0.0036 
Epoch 66/300

[1m 1/18[0m [32m=[0m[37m===================[0m [1m0s[0m 25ms/step - accuracy: 1.0000 - loss: 0.0020
[1m18/18[0m [32m====================[0m[37m[0m [1m0s[0m 4ms/step - accuracy: 1.0000 - loss: 0.0035 
Epoch 67/300

[1m 1/18[0m [32m=[0m[37m===================[0m [1m0s[0m 28ms/step - accuracy: 1.0000 - loss: 0.0019
[1m18/18[0m [32m====================[0m[37m[0m [1m0s[0m 3ms/step - accuracy: 1.0000 - loss: 0.0034 
Epoch 68/300

[1m 1/18[0m [32m=[0m[37m===================[0m [1m0s[0m 27ms/step - accuracy: 1.0000 - loss: 0.0019
[1m18/18[0m [32m====================[0m[37m[0m [1m0s[0m 3ms/step - accuracy: 1.0000 - loss: 0.0033 
Epoch 69/300

[1m 1/18[0m [32m=[0m[37m===================[0m [1m0s[0m 27ms/step - accuracy: 1.0000 - loss: 0.0018
[1m18/18[0m [32m====================[0m[37m[0m [1m0s[0m 3ms/step - accuracy: 1.0000 - loss: 0.0032 
Epoch 70/300

[1m 1/18[0m [32m=[0m[37m===================[0m [1m0s[0m 25ms/step - accuracy: 1.0000 - loss: 0.0018
[1m18/18[0m [32m====================[0m[37m[0m [1m0s[0m 3ms/step - accuracy: 1.0000 - loss: 0.0031 
Epoch 71/300

[1m 1/18[0m [32m=[0m[37m===================[0m [1m0s[0m 26ms/step - accuracy: 1.0000 - loss: 0.0017
[1m18/18[0m [32m====================[0m[37m[0m [1m0s[0m 3ms/step - accuracy: 1.0000 - loss: 0.0030 
Epoch 72/300

[1m 1/18[0m [32m=[0m[37m===================[0m [1m0s[0m 27ms/step - accuracy: 1.0000 - loss: 0.0017
[1m18/18[0m [32m====================[0m[37m[0m [1m0s[0m 4ms/step - accuracy: 1.0000 - loss: 0.0029 
Epoch 73/300

[1m 1/18[0m [32m=[0m[37m===================[0m [1m0s[0m 26ms/step - accuracy: 1.0000 - loss: 0.0016
[1m18/18[0m [32m====================[0m[37m[0m [1m0s[0m 3ms/step - accuracy: 1.0000 - loss: 0.0028 
Epoch 74/300

[1m 1/18[0m [32m=[0m[37m===================[0m [1m0s[0m 29ms/step - accuracy: 1.0000 - loss: 0.0016
[1m18/18[0m [32m====================[0m[37m[0m [1m0s[0m 4ms/step - accuracy: 1.0000 - loss: 0.0027 
Epoch 75/300

[1m 1/18[0m [32m=[0m[37m===================[0m [1m0s[0m 26ms/step - accuracy: 1.0000 - loss: 0.0016
[1m18/18[0m [32m====================[0m[37m[0m [1m0s[0m 3ms/step - accuracy: 1.0000 - loss: 0.0026 
Epoch 76/300

[1m 1/18[0m [32m=[0m[37m===================[0m [1m0s[0m 25ms/step - accuracy: 1.0000 - loss: 0.0015
[1m18/18[0m [32m====================[0m[37m[0m [1m0s[0m 3ms/step - accuracy: 1.0000 - loss: 0.0025 
Epoch 77/300

[1m 1/18[0m [32m=[0m[37m===================[0m [1m0s[0m 31ms/step - accuracy: 1.0000 - loss: 0.0015
[1m18/18[0m [32m====================[0m[37m[0m [1m0s[0m 3ms/step - accuracy: 1.0000 - loss: 0.0024 
Epoch 78/300

[1m 1/18[0m [32m=[0m[37m===================[0m [1m0s[0m 26ms/step - accuracy: 1.0000 - loss: 0.0014
[1m18/18[0m [32m====================[0m[37m[0m [1m0s[0m 4ms/step - accuracy: 1.0000 - loss: 0.0024 
Epoch 79/300

[1m 1/18[0m [32m=[0m[37m===================[0m [1m0s[0m 27ms/step - accuracy: 1.0000 - loss: 0.0014
[1m18/18[0m [32m====================[0m[37m[0m [1m0s[0m 3ms/step - accuracy: 1.0000 - loss: 0.0023 
Epoch 80/300

[1m 1/18[0m [32m=[0m[37m===================[0m [1m0s[0m 31ms/step - accuracy: 1.0000 - loss: 0.0013
[1m18/18[0m [32m====================[0m[37m[0m [1m0s[0m 4ms/step - accuracy: 1.0000 - loss: 0.0022 
Epoch 81/300

[1m 1/18[0m [32m=[0m[37m===================[0m [1m0s[0m 25ms/step - accuracy: 1.0000 - loss: 0.0013
[1m18/18[0m [32m====================[0m[37m[0m [1m0s[0m 3ms/step - accuracy: 1.0000 - loss: 0.0021 
Epoch 82/300

[1m 1/18[0m [32m=[0m[37m===================[0m [1m0s[0m 32ms/step - accuracy: 1.0000 - loss: 0.0012
[1m18/18[0m [32m====================[0m[37m[0m [1m0s[0m 3ms/step - accuracy: 1.0000 - loss: 0.0021 
Epoch 83/300

[1m 1/18[0m [32m=[0m[37m===================[0m [1m0s[0m 27ms/step - accuracy: 1.0000 - loss: 0.0013
[1m18/18[0m [32m====================[0m[37m[0m [1m0s[0m 3ms/step - accuracy: 1.0000 - loss: 0.0020 
Epoch 84/300

[1m 1/18[0m [32m=[0m[37m===================[0m [1m0s[0m 26ms/step - accuracy: 1.0000 - loss: 0.0012
[1m18/18[0m [32m====================[0m[37m[0m [1m0s[0m 4ms/step - accuracy: 1.0000 - loss: 0.0020 
Epoch 85/300

[1m 1/18[0m [32m=[0m[37m===================[0m [1m0s[0m 26ms/step - accuracy: 1.0000 - loss: 0.0012
[1m18/18[0m [32m====================[0m[37m[0m [1m0s[0m 4ms/step - accuracy: 1.0000 - loss: 0.0019 
Epoch 86/300

[1m 1/18[0m [32m=[0m[37m===================[0m [1m0s[0m 27ms/step - accuracy: 1.0000 - loss: 0.0012
[1m17/18[0m [32m==================[0m[37m==[0m [1m0s[0m 3ms/step - accuracy: 1.0000 - loss: 0.0019 
[1m18/18[0m [32m====================[0m[37m[0m [1m0s[0m 4ms/step - accuracy: 1.0000 - loss: 0.0019
Epoch 87/300

[1m 1/18[0m [32m=[0m[37m===================[0m [1m0s[0m 33ms/step - accuracy: 1.0000 - loss: 0.0011
[1m18/18[0m [32m====================[0m[37m[0m [1m0s[0m 4ms/step - accuracy: 1.0000 - loss: 0.0018 
Epoch 88/300

[1m 1/18[0m [32m=[0m[37m===================[0m [1m0s[0m 25ms/step - accuracy: 1.0000 - loss: 0.0011
[1m17/18[0m [32m==================[0m[37m==[0m [1m0s[0m 3ms/step - accuracy: 1.0000 - loss: 0.0018 
[1m18/18[0m [32m====================[0m[37m[0m [1m0s[0m 4ms/step - accuracy: 1.0000 - loss: 0.0018
Epoch 89/300

[1m 1/18[0m [32m=[0m[37m===================[0m [1m0s[0m 25ms/step - accuracy: 1.0000 - loss: 0.0010
[1m18/18[0m [32m====================[0m[37m[0m [1m0s[0m 3ms/step - accuracy: 1.0000 - loss: 0.0017 
Epoch 90/300

[1m 1/18[0m [32m=[0m[37m===================[0m [1m0s[0m 30ms/step - accuracy: 1.0000 - loss: 0.0011
[1m18/18[0m [32m====================[0m[37m[0m [1m0s[0m 3ms/step - accuracy: 1.0000 - loss: 0.0017 
Epoch 91/300

[1m 1/18[0m [32m=[0m[37m===================[0m [1m0s[0m 26ms/step - accuracy: 1.0000 - loss: 0.0010
[1m18/18[0m [32m====================[0m[37m[0m [1m0s[0m 3ms/step - accuracy: 1.0000 - loss: 0.0016 
Epoch 92/300

[1m 1/18[0m [32m=[0m[37m===================[0m [1m0s[0m 27ms/step - accuracy: 1.0000 - loss: 0.0010
[1m18/18[0m [32m====================[0m[37m[0m [1m0s[0m 4ms/step - accuracy: 1.0000 - loss: 0.0016 
Epoch 93/300

[1m 1/18[0m [32m=[0m[37m===================[0m [1m0s[0m 25ms/step - accuracy: 1.0000 - loss: 9.5346e-04
[1m17/18[0m [32m==================[0m[37m==[0m [1m0s[0m 3ms/step - accuracy: 1.0000 - loss: 0.0015     
[1m18/18[0m [32m====================[0m[37m[0m [1m0s[0m 4ms/step - accuracy: 1.0000 - loss: 0.0015
Epoch 94/300

[1m 1/18[0m [32m=[0m[37m===================[0m [1m0s[0m 25ms/step - accuracy: 1.0000 - loss: 9.4310e-04
[1m18/18[0m [32m====================[0m[37m[0m [1m0s[0m 3ms/step - accuracy: 1.0000 - loss: 0.0015     
Epoch 95/300

[1m 1/18[0m [32m=[0m[37m===================[0m [1m0s[0m 30ms/step - accuracy: 1.0000 - loss: 8.9939e-04
[1m18/18[0m [32m====================[0m[37m[0m [1m0s[0m 3ms/step - accuracy: 1.0000 - loss: 0.0015     
Epoch 96/300

[1m 1/18[0m [32m=[0m[37m===================[0m [1m0s[0m 25ms/step - accuracy: 1.0000 - loss: 9.9073e-04
[1m18/18[0m [32m====================[0m[37m[0m [1m0s[0m 4ms/step - accuracy: 1.0000 - loss: 0.0014     
Epoch 97/300

[1m 1/18[0m [32m=[0m[37m===================[0m [1m0s[0m 29ms/step - accuracy: 1.0000 - loss: 9.6608e-04
[1m18/18[0m [32m====================[0m[37m[0m [1m0s[0m 3ms/step - accuracy: 1.0000 - loss: 0.0014     
Epoch 98/300

[1m 1/18[0m [32m=[0m[37m===================[0m [1m0s[0m 29ms/step - accuracy: 1.0000 - loss: 9.5739e-04
[1m18/18[0m [32m====================[0m[37m[0m [1m0s[0m 3ms/step - accuracy: 1.0000 - loss: 0.0013     
Epoch 99/300

[1m 1/18[0m [32m=[0m[37m===================[0m [1m0s[0m 28ms/step - accuracy: 1.0000 - loss: 9.4214e-04
[1m18/18[0m [32m====================[0m[37m[0m [1m0s[0m 3ms/step - accuracy: 1.0000 - loss: 0.0013     
Epoch 100/300

[1m 1/18[0m [32m=[0m[37m===================[0m [1m0s[0m 27ms/step - accuracy: 1.0000 - loss: 9.2749e-04
[1m18/18[0m [32m====================[0m[37m[0m [1m0s[0m 3ms/step - accuracy: 1.0000 - loss: 0.0013     
Epoch 101/300

[1m 1/18[0m [32m=[0m[37m===================[0m [1m0s[0m 26ms/step - accuracy: 1.0000 - loss: 9.2166e-04
[1m18/18[0m [32m====================[0m[37m[0m [1m0s[0m 3ms/step - accuracy: 1.0000 - loss: 0.0012     
Epoch 102/300

[1m 1/18[0m [32m=[0m[37m===================[0m [1m0s[0m 28ms/step - accuracy: 1.0000 - loss: 9.0987e-04
[1m18/18[0m [32m====================[0m[37m[0m [1m0s[0m 3ms/step - accuracy: 1.0000 - loss: 0.0012     
[1m18/18[0m [32m====================[0m[37m[0m [1m0s[0m 4ms/step - accuracy: 1.0000 - loss: 0.0012
Epoch 103/300

[1m 1/18[0m [32m=[0m[37m===================[0m [1m0s[0m 31ms/step - accuracy: 1.0000 - loss: 8.9093e-04
[1m18/18[0m [32m====================[0m[37m[0m [1m0s[0m 3ms/step - accuracy: 1.0000 - loss: 0.0012     
Epoch 104/300

[1m 1/18[0m [32m=[0m[37m===================[0m [1m0s[0m 27ms/step - accuracy: 1.0000 - loss: 8.7795e-04
[1m18/18[0m [32m====================[0m[37m[0m [1m0s[0m 4ms/step - accuracy: 1.0000 - loss: 0.0011     
Epoch 105/300

[1m 1/18[0m [32m=[0m[37m===================[0m [1m0s[0m 29ms/step - accuracy: 1.0000 - loss: 8.6199e-04
[1m18/18[0m [32m====================[0m[37m[0m [1m0s[0m 3ms/step - accuracy: 1.0000 - loss: 0.0012     
[1m18/18[0m [32m====================[0m[37m[0m [1m0s[0m 4ms/step - accuracy: 1.0000 - loss: 0.0011
Epoch 106/300

[1m 1/18[0m [32m=[0m[37m===================[0m [1m0s[0m 27ms/step - accuracy: 1.0000 - loss: 8.1780e-04
[1m18/18[0m [32m====================[0m[37m[0m [1m0s[0m 3ms/step - accuracy: 1.0000 - loss: 0.0011     
[1m18/18[0m [32m====================[0m[37m[0m [1m0s[0m 4ms/step - accuracy: 1.0000 - loss: 0.0011
Epoch 107/300

[1m 1/18[0m [32m=[0m[37m===================[0m [1m0s[0m 41ms/step - accuracy: 1.0000 - loss: 8.0970e-04
[1m18/18[0m [32m====================[0m[37m[0m [1m0s[0m 3ms/step - accuracy: 1.0000 - loss: 0.0011     
Epoch 108/300

[1m 1/18[0m [32m=[0m[37m===================[0m [1m0s[0m 27ms/step - accuracy: 1.0000 - loss: 7.8397e-04
[1m18/18[0m [32m====================[0m[37m[0m [1m0s[0m 4ms/step - accuracy: 1.0000 - loss: 0.0010     
Epoch 109/300

[1m 1/18[0m [32m=[0m[37m===================[0m [1m0s[0m 26ms/step - accuracy: 1.0000 - loss: 7.8921e-04
[1m18/18[0m [32m====================[0m[37m[0m [1m0s[0m 4ms/step - accuracy: 1.0000 - loss: 0.0010     
Epoch 110/300

[1m 1/18[0m [32m=[0m[37m===================[0m [1m0s[0m 28ms/step - accuracy: 1.0000 - loss: 7.6837e-04
[1m18/18[0m [32m====================[0m[37m[0m [1m0s[0m 4ms/step - accuracy: 1.0000 - loss: 9.8635e-04 
Epoch 111/300

[1m 1/18[0m [32m=[0m[37m===================[0m [1m0s[0m 26ms/step - accuracy: 1.0000 - loss: 7.5538e-04
[1m18/18[0m [32m====================[0m[37m[0m [1m0s[0m 3ms/step - accuracy: 1.0000 - loss: 9.6872e-04 
Epoch 112/300

[1m 1/18[0m [32m=[0m[37m===================[0m [1m0s[0m 32ms/step - accuracy: 1.0000 - loss: 7.2143e-04
[1m18/18[0m [32m====================[0m[37m[0m [1m0s[0m 3ms/step - accuracy: 1.0000 - loss: 9.4031e-04 
Epoch 113/300

[1m 1/18[0m [32m=[0m[37m===================[0m [1m0s[0m 28ms/step - accuracy: 1.0000 - loss: 7.2453e-04
[1m18/18[0m [32m====================[0m[37m[0m [1m0s[0m 4ms/step - accuracy: 1.0000 - loss: 9.2109e-04 
Epoch 114/300

[1m 1/18[0m [32m=[0m[37m===================[0m [1m0s[0m 25ms/step - accuracy: 1.0000 - loss: 7.0773e-04
[1m18/18[0m [32m====================[0m[37m[0m [1m0s[0m 4ms/step - accuracy: 1.0000 - loss: 9.0023e-04 
Epoch 115/300

[1m 1/18[0m [32m=[0m[37m===================[0m [1m0s[0m 26ms/step - accuracy: 1.0000 - loss: 6.9761e-04
[1m18/18[0m [32m====================[0m[37m[0m [1m0s[0m 3ms/step - accuracy: 1.0000 - loss: 8.8391e-04 
Epoch 116/300

[1m 1/18[0m [32m=[0m[37m===================[0m [1m0s[0m 26ms/step - accuracy: 1.0000 - loss: 6.7271e-04
[1m18/18[0m [32m====================[0m[37m[0m [1m0s[0m 3ms/step - accuracy: 1.0000 - loss: 8.5968e-04 
Epoch 117/300

[1m 1/18[0m [32m=[0m[37m===================[0m [1m0s[0m 27ms/step - accuracy: 1.0000 - loss: 6.6866e-04
[1m18/18[0m [32m====================[0m[37m[0m [1m0s[0m 3ms/step - accuracy: 1.0000 - loss: 8.4219e-04 
Epoch 118/300

[1m 1/18[0m [32m=[0m[37m===================[0m [1m0s[0m 33ms/step - accuracy: 1.0000 - loss: 6.4960e-04
[1m18/18[0m [32m====================[0m[37m[0m [1m0s[0m 3ms/step - accuracy: 1.0000 - loss: 8.2419e-04 
Epoch 119/300

[1m 1/18[0m [32m=[0m[37m===================[0m [1m0s[0m 27ms/step - accuracy: 1.0000 - loss: 6.3769e-04
[1m18/18[0m [32m====================[0m[37m[0m [1m0s[0m 3ms/step - accuracy: 1.0000 - loss: 8.0993e-04 
Epoch 120/300

[1m 1/18[0m [32m=[0m[37m===================[0m [1m0s[0m 28ms/step - accuracy: 1.0000 - loss: 6.1136e-04
[1m18/18[0m [32m====================[0m[37m[0m [1m0s[0m 3ms/step - accuracy: 1.0000 - loss: 7.8905e-04 
Epoch 121/300

[1m 1/18[0m [32m=[0m[37m===================[0m [1m0s[0m 27ms/step - accuracy: 1.0000 - loss: 6.1827e-04
[1m18/18[0m [32m====================[0m[37m[0m [1m0s[0m 4ms/step - accuracy: 1.0000 - loss: 7.7181e-04 
Epoch 122/300

[1m 1/18[0m [32m=[0m[37m===================[0m [1m0s[0m 24ms/step - accuracy: 1.0000 - loss: 6.0230e-04
[1m18/18[0m [32m====================[0m[37m[0m [1m0s[0m 3ms/step - accuracy: 1.0000 - loss: 7.5808e-04 
Epoch 123/300

[1m 1/18[0m [32m=[0m[37m===================[0m [1m0s[0m 32ms/step - accuracy: 1.0000 - loss: 5.9253e-04
[1m18/18[0m [32m====================[0m[37m[0m [1m0s[0m 4ms/step - accuracy: 1.0000 - loss: 7.4135e-04 
Epoch 124/300

[1m 1/18[0m [32m=[0m[37m===================[0m [1m0s[0m 32ms/step - accuracy: 1.0000 - loss: 5.7323e-04
[1m18/18[0m [32m====================[0m[37m[0m [1m0s[0m 3ms/step - accuracy: 1.0000 - loss: 7.2622e-04 
Epoch 125/300

[1m 1/18[0m [32m=[0m[37m===================[0m [1m0s[0m 26ms/step - accuracy: 1.0000 - loss: 5.6787e-04
[1m18/18[0m [32m====================[0m[37m[0m [1m0s[0m 3ms/step - accuracy: 1.0000 - loss: 7.1208e-04 
Epoch 126/300

[1m 1/18[0m [32m=[0m[37m===================[0m [1m0s[0m 29ms/step - accuracy: 1.0000 - loss: 5.6144e-04
[1m18/18[0m [32m====================[0m[37m[0m [1m0s[0m 4ms/step - accuracy: 1.0000 - loss: 6.9912e-04 
Epoch 127/300

[1m 1/18[0m [32m=[0m[37m===================[0m [1m0s[0m 26ms/step - accuracy: 1.0000 - loss: 5.4071e-04
[1m18/18[0m [32m====================[0m[37m[0m [1m0s[0m 3ms/step - accuracy: 1.0000 - loss: 6.8250e-04 
Epoch 128/300

[1m 1/18[0m [32m=[0m[37m===================[0m [1m0s[0m 25ms/step - accuracy: 1.0000 - loss: 5.4130e-04
[1m18/18[0m [32m====================[0m[37m[0m [1m0s[0m 3ms/step - accuracy: 1.0000 - loss: 6.6908e-04 
Epoch 129/300

[1m 1/18[0m [32m=[0m[37m===================[0m [1m0s[0m 27ms/step - accuracy: 1.0000 - loss: 5.3689e-04
[1m18/18[0m [32m====================[0m[37m[0m [1m0s[0m 3ms/step - accuracy: 1.0000 - loss: 6.5609e-04 
Epoch 130/300

[1m 1/18[0m [32m=[0m[37m===================[0m [1m0s[0m 26ms/step - accuracy: 1.0000 - loss: 5.3177e-04
[1m18/18[0m [32m====================[0m[37m[0m [1m0s[0m 3ms/step - accuracy: 1.0000 - loss: 6.4337e-04 
Epoch 131/300

[1m 1/18[0m [32m=[0m[37m===================[0m [1m0s[0m 26ms/step - accuracy: 1.0000 - loss: 5.0615e-04
[1m18/18[0m [32m====================[0m[37m[0m [1m0s[0m 3ms/step - accuracy: 1.0000 - loss: 6.3127e-04 
Epoch 132/300

[1m 1/18[0m [32m=[0m[37m===================[0m [1m0s[0m 26ms/step - accuracy: 1.0000 - loss: 4.9960e-04
[1m18/18[0m [32m====================[0m[37m[0m [1m0s[0m 4ms/step - accuracy: 1.0000 - loss: 6.1834e-04 
Epoch 133/300

[1m 1/18[0m [32m=[0m[37m===================[0m [1m0s[0m 26ms/step - accuracy: 1.0000 - loss: 4.9817e-04
[1m18/18[0m [32m====================[0m[37m[0m [1m0s[0m 4ms/step - accuracy: 1.0000 - loss: 6.0650e-04 
Epoch 134/300

[1m 1/18[0m [32m=[0m[37m===================[0m [1m0s[0m 30ms/step - accuracy: 1.0000 - loss: 4.8637e-04
[1m18/18[0m [32m====================[0m[37m[0m [1m0s[0m 3ms/step - accuracy: 1.0000 - loss: 5.9546e-04 
Epoch 135/300

[1m 1/18[0m [32m=[0m[37m===================[0m [1m0s[0m 25ms/step - accuracy: 1.0000 - loss: 4.8089e-04
[1m18/18[0m [32m====================[0m[37m[0m [1m0s[0m 3ms/step - accuracy: 1.0000 - loss: 5.8535e-04 
Epoch 136/300

[1m 1/18[0m [32m=[0m[37m===================[0m [1m0s[0m 26ms/step - accuracy: 1.0000 - loss: 4.6528e-04
[1m18/18[0m [32m====================[0m[37m[0m [1m0s[0m 3ms/step - accuracy: 1.0000 - loss: 5.7297e-04 
Epoch 137/300

[1m 1/18[0m [32m=[0m[37m===================[0m [1m0s[0m 26ms/step - accuracy: 1.0000 - loss: 4.6314e-04
[1m18/18[0m [32m====================[0m[37m[0m [1m0s[0m 4ms/step - accuracy: 1.0000 - loss: 5.6234e-04 
Epoch 138/300

[1m 1/18[0m [32m=[0m[37m===================[0m [1m0s[0m 26ms/step - accuracy: 1.0000 - loss: 4.4384e-04
[1m18/18[0m [32m====================[0m[37m[0m [1m0s[0m 3ms/step - accuracy: 1.0000 - loss: 5.5174e-04 
Epoch 139/300

[1m 1/18[0m [32m=[0m[37m===================[0m [1m0s[0m 25ms/step - accuracy: 1.0000 - loss: 4.4562e-04
[1m18/18[0m [32m====================[0m[37m[0m [1m0s[0m 3ms/step - accuracy: 1.0000 - loss: 5.4118e-04 
Epoch 140/300

[1m 1/18[0m [32m=[0m[37m===================[0m [1m0s[0m 26ms/step - accuracy: 1.0000 - loss: 4.4503e-04
[1m18/18[0m [32m====================[0m[37m[0m [1m0s[0m 4ms/step - accuracy: 1.0000 - loss: 5.3106e-04 
Epoch 141/300

[1m 1/18[0m [32m=[0m[37m===================[0m [1m0s[0m 33ms/step - accuracy: 1.0000 - loss: 4.2727e-04
[1m15/18[0m [32m================[0m[37m====[0m [1m0s[0m 4ms/step - accuracy: 1.0000 - loss: 5.4734e-04 
[1m18/18[0m [32m====================[0m[37m[0m [1m0s[0m 4ms/step - accuracy: 1.0000 - loss: 5.2194e-04
Epoch 142/300

[1m 1/18[0m [32m=[0m[37m===================[0m [1m0s[0m 26ms/step - accuracy: 1.0000 - loss: 4.2715e-04
[1m18/18[0m [32m====================[0m[37m[0m [1m0s[0m 4ms/step - accuracy: 1.0000 - loss: 5.1265e-04 
Epoch 143/300

[1m 1/18[0m [32m=[0m[37m===================[0m [1m0s[0m 30ms/step - accuracy: 1.0000 - loss: 4.0809e-04
[1m18/18[0m [32m====================[0m[37m[0m [1m0s[0m 4ms/step - accuracy: 1.0000 - loss: 5.0314e-04 
Epoch 144/300

[1m 1/18[0m [32m=[0m[37m===================[0m [1m0s[0m 29ms/step - accuracy: 1.0000 - loss: 4.1047e-04
[1m18/18[0m [32m====================[0m[37m[0m [1m0s[0m 3ms/step - accuracy: 1.0000 - loss: 4.9414e-04 
Epoch 145/300

[1m 1/18[0m [32m=[0m[37m===================[0m [1m0s[0m 27ms/step - accuracy: 1.0000 - loss: 4.1000e-04
[1m18/18[0m [32m====================[0m[37m[0m [1m0s[0m 3ms/step - accuracy: 1.0000 - loss: 5.0830e-04 
[1m18/18[0m [32m====================[0m[37m[0m [1m0s[0m 5ms/step - accuracy: 1.0000 - loss: 4.8448e-04
Epoch 146/300

[1m 1/18[0m [32m=[0m[37m===================[0m [1m0s[0m 37ms/step - accuracy: 1.0000 - loss: 3.9736e-04
[1m18/18[0m [32m====================[0m[37m[0m [1m0s[0m 3ms/step - accuracy: 1.0000 - loss: 4.9706e-04 
[1m18/18[0m [32m====================[0m[37m[0m [1m0s[0m 4ms/step - accuracy: 1.0000 - loss: 4.7692e-04
Epoch 147/300

[1m 1/18[0m [32m=[0m[37m===================[0m [1m0s[0m 28ms/step - accuracy: 1.0000 - loss: 3.9474e-04
[1m18/18[0m [32m====================[0m[37m[0m [1m0s[0m 4ms/step - accuracy: 1.0000 - loss: 4.6837e-04 
Epoch 148/300

[1m 1/18[0m [32m=[0m[37m===================[0m [1m0s[0m 27ms/step - accuracy: 1.0000 - loss: 3.7925e-04
[1m17/18[0m [32m==================[0m[37m==[0m [1m0s[0m 3ms/step - accuracy: 1.0000 - loss: 4.8059e-04 
[1m18/18[0m [32m====================[0m[37m[0m [1m0s[0m 4ms/step - accuracy: 1.0000 - loss: 4.5983e-04
Epoch 149/300

[1m 1/18[0m [32m=[0m[37m===================[0m [1m0s[0m 27ms/step - accuracy: 1.0000 - loss: 3.7675e-04
[1m16/18[0m [32m=================[0m[37m===[0m [1m0s[0m 3ms/step - accuracy: 1.0000 - loss: 4.7349e-04 
[1m18/18[0m [32m====================[0m[37m[0m [1m0s[0m 4ms/step - accuracy: 1.0000 - loss: 4.5179e-04
Epoch 150/300

[1m 1/18[0m [32m=[0m[37m===================[0m [1m0s[0m 30ms/step - accuracy: 1.0000 - loss: 3.7603e-04
[1m18/18[0m [32m====================[0m[37m[0m [1m0s[0m 4ms/step - accuracy: 1.0000 - loss: 4.4426e-04 
Epoch 151/300

[1m 1/18[0m [32m=[0m[37m===================[0m [1m0s[0m 29ms/step - accuracy: 1.0000 - loss: 3.5911e-04
[1m18/18[0m [32m====================[0m[37m[0m [1m0s[0m 3ms/step - accuracy: 1.0000 - loss: 4.3645e-04 
Epoch 152/300

[1m 1/18[0m [32m=[0m[37m===================[0m [1m0s[0m 27ms/step - accuracy: 1.0000 - loss: 3.6281e-04
[1m18/18[0m [32m====================[0m[37m[0m [1m0s[0m 3ms/step - accuracy: 1.0000 - loss: 4.2871e-04 
Epoch 153/300

[1m 1/18[0m [32m=[0m[37m===================[0m [1m0s[0m 28ms/step - accuracy: 1.0000 - loss: 3.5649e-04
[1m18/18[0m [32m====================[0m[37m[0m [1m0s[0m 3ms/step - accuracy: 1.0000 - loss: 4.2104e-04 
Epoch 154/300

[1m 1/18[0m [32m=[0m[37m===================[0m [1m0s[0m 25ms/step - accuracy: 1.0000 - loss: 3.4922e-04
[1m18/18[0m [32m====================[0m[37m[0m [1m0s[0m 3ms/step - accuracy: 1.0000 - loss: 4.1442e-04 
Epoch 155/300

[1m 1/18[0m [32m=[0m[37m===================[0m [1m0s[0m 29ms/step - accuracy: 1.0000 - loss: 3.4279e-04
[1m18/18[0m [32m====================[0m[37m[0m [1m0s[0m 3ms/step - accuracy: 1.0000 - loss: 4.0819e-04 
Epoch 156/300

[1m 1/18[0m [32m=[0m[37m===================[0m [1m0s[0m 26ms/step - accuracy: 1.0000 - loss: 3.3409e-04
[1m18/18[0m [32m====================[0m[37m[0m [1m0s[0m 3ms/step - accuracy: 1.0000 - loss: 4.1645e-04 
[1m18/18[0m [32m====================[0m[37m[0m [1m0s[0m 4ms/step - accuracy: 1.0000 - loss: 4.0016e-04
Epoch 157/300

[1m 1/18[0m [32m=[0m[37m===================[0m [1m0s[0m 28ms/step - accuracy: 1.0000 - loss: 3.3635e-04
[1m18/18[0m [32m====================[0m[37m[0m [1m0s[0m 3ms/step - accuracy: 1.0000 - loss: 3.9372e-04 
Epoch 158/300

[1m 1/18[0m [32m=[0m[37m===================[0m [1m0s[0m 29ms/step - accuracy: 1.0000 - loss: 3.2432e-04
[1m18/18[0m [32m====================[0m[37m[0m [1m0s[0m 3ms/step - accuracy: 1.0000 - loss: 3.8688e-04 
Epoch 159/300

[1m 1/18[0m [32m=[0m[37m===================[0m [1m0s[0m 25ms/step - accuracy: 1.0000 - loss: 3.2217e-04
[1m18/18[0m [32m====================[0m[37m[0m [1m0s[0m 3ms/step - accuracy: 1.0000 - loss: 3.8050e-04 
Epoch 160/300

[1m 1/18[0m [32m=[0m[37m===================[0m [1m0s[0m 27ms/step - accuracy: 1.0000 - loss: 3.2014e-04
[1m18/18[0m [32m====================[0m[37m[0m [1m0s[0m 3ms/step - accuracy: 1.0000 - loss: 3.7423e-04 
Epoch 161/300

[1m 1/18[0m [32m=[0m[37m===================[0m [1m0s[0m 32ms/step - accuracy: 1.0000 - loss: 3.1311e-04
[1m18/18[0m [32m====================[0m[37m[0m [1m0s[0m 4ms/step - accuracy: 1.0000 - loss: 3.6803e-04 
Epoch 162/300

[1m 1/18[0m [32m=[0m[37m===================[0m [1m0s[0m 28ms/step - accuracy: 1.0000 - loss: 3.1216e-04
[1m18/18[0m [32m====================[0m[37m[0m [1m0s[0m 3ms/step - accuracy: 1.0000 - loss: 3.6234e-04 
Epoch 163/300

[1m 1/18[0m [32m=[0m[37m===================[0m [1m0s[0m 26ms/step - accuracy: 1.0000 - loss: 2.9977e-04
[1m18/18[0m [32m====================[0m[37m[0m [1m0s[0m 3ms/step - accuracy: 1.0000 - loss: 3.5630e-04 
Epoch 164/300

[1m 1/18[0m [32m=[0m[37m===================[0m [1m0s[0m 34ms/step - accuracy: 1.0000 - loss: 2.9893e-04
[1m18/18[0m [32m====================[0m[37m[0m [1m0s[0m 4ms/step - accuracy: 1.0000 - loss: 3.5018e-04 
Epoch 165/300

[1m 1/18[0m [32m=[0m[37m===================[0m [1m0s[0m 26ms/step - accuracy: 1.0000 - loss: 2.9786e-04
[1m18/18[0m [32m====================[0m[37m[0m [1m0s[0m 3ms/step - accuracy: 1.0000 - loss: 3.4451e-04 
Epoch 166/300

[1m 1/18[0m [32m=[0m[37m===================[0m [1m0s[0m 26ms/step - accuracy: 1.0000 - loss: 2.9095e-04
[1m18/18[0m [32m====================[0m[37m[0m [1m0s[0m 3ms/step - accuracy: 1.0000 - loss: 3.3929e-04 
Epoch 167/300

[1m 1/18[0m [32m=[0m[37m===================[0m [1m0s[0m 27ms/step - accuracy: 1.0000 - loss: 2.9142e-04
[1m18/18[0m [32m====================[0m[37m[0m [1m0s[0m 4ms/step - accuracy: 1.0000 - loss: 3.3398e-04 
Epoch 168/300

[1m 1/18[0m [32m=[0m[37m===================[0m [1m0s[0m 27ms/step - accuracy: 1.0000 - loss: 2.7867e-04
[1m18/18[0m [32m====================[0m[37m[0m [1m0s[0m 3ms/step - accuracy: 1.0000 - loss: 3.2844e-04 
Epoch 169/300

[1m 1/18[0m [32m=[0m[37m===================[0m [1m0s[0m 25ms/step - accuracy: 1.0000 - loss: 2.7700e-04
[1m18/18[0m [32m====================[0m[37m[0m [1m0s[0m 3ms/step - accuracy: 1.0000 - loss: 3.2325e-04 
Epoch 170/300

[1m 1/18[0m [32m=[0m[37m===================[0m [1m0s[0m 26ms/step - accuracy: 1.0000 - loss: 2.7748e-04
[1m18/18[0m [32m====================[0m[37m[0m [1m0s[0m 3ms/step - accuracy: 1.0000 - loss: 3.1818e-04 
Epoch 171/300

[1m 1/18[0m [32m=[0m[37m===================[0m [1m0s[0m 25ms/step - accuracy: 1.0000 - loss: 2.6664e-04
[1m18/18[0m [32m====================[0m[37m[0m [1m0s[0m 3ms/step - accuracy: 1.0000 - loss: 3.1325e-04 
Epoch 172/300

[1m 1/18[0m [32m=[0m[37m===================[0m [1m0s[0m 30ms/step - accuracy: 1.0000 - loss: 2.6461e-04
[1m18/18[0m [32m====================[0m[37m[0m [1m0s[0m 3ms/step - accuracy: 1.0000 - loss: 3.0805e-04 
Epoch 173/300

[1m 1/18[0m [32m=[0m[37m===================[0m [1m0s[0m 25ms/step - accuracy: 1.0000 - loss: 2.6413e-04
[1m18/18[0m [32m====================[0m[37m[0m [1m0s[0m 3ms/step - accuracy: 1.0000 - loss: 3.1851e-04 
[1m18/18[0m [32m====================[0m[37m[0m [1m0s[0m 4ms/step - accuracy: 1.0000 - loss: 3.0316e-04
Epoch 174/300

[1m 1/18[0m [32m=[0m[37m===================[0m [1m0s[0m 32ms/step - accuracy: 1.0000 - loss: 2.6020e-04
[1m18/18[0m [32m====================[0m[37m[0m [1m0s[0m 3ms/step - accuracy: 1.0000 - loss: 2.9855e-04 
Epoch 175/300

[1m 1/18[0m [32m=[0m[37m===================[0m [1m0s[0m 29ms/step - accuracy: 1.0000 - loss: 2.5758e-04
[1m18/18[0m [32m====================[0m[37m[0m [1m0s[0m 4ms/step - accuracy: 1.0000 - loss: 2.9382e-04 
Epoch 176/300

[1m 1/18[0m [32m=[0m[37m===================[0m [1m0s[0m 26ms/step - accuracy: 1.0000 - loss: 2.5174e-04
[1m18/18[0m [32m====================[0m[37m[0m [1m0s[0m 3ms/step - accuracy: 1.0000 - loss: 2.8961e-04 
Epoch 177/300

[1m 1/18[0m [32m=[0m[37m===================[0m [1m0s[0m 26ms/step - accuracy: 1.0000 - loss: 2.4947e-04
[1m18/18[0m [32m====================[0m[37m[0m [1m0s[0m 3ms/step - accuracy: 1.0000 - loss: 2.8522e-04 
Epoch 178/300

[1m 1/18[0m [32m=[0m[37m===================[0m [1m0s[0m 29ms/step - accuracy: 1.0000 - loss: 2.4018e-04
[1m18/18[0m [32m====================[0m[37m[0m [1m0s[0m 3ms/step - accuracy: 1.0000 - loss: 2.8081e-04 
Epoch 179/300

[1m 1/18[0m [32m=[0m[37m===================[0m [1m0s[0m 25ms/step - accuracy: 1.0000 - loss: 2.4006e-04
[1m18/18[0m [32m====================[0m[37m[0m [1m0s[0m 3ms/step - accuracy: 1.0000 - loss: 2.7644e-04 
Epoch 180/300

[1m 1/18[0m [32m=[0m[37m===================[0m [1m0s[0m 27ms/step - accuracy: 1.0000 - loss: 2.4042e-04
[1m18/18[0m [32m====================[0m[37m[0m [1m0s[0m 4ms/step - accuracy: 1.0000 - loss: 2.7205e-04 
Epoch 181/300

[1m 1/18[0m [32m=[0m[37m===================[0m [1m0s[0m 34ms/step - accuracy: 1.0000 - loss: 2.3017e-04
[1m18/18[0m [32m====================[0m[37m[0m [1m0s[0m 3ms/step - accuracy: 1.0000 - loss: 2.8051e-04 
[1m18/18[0m [32m====================[0m[37m[0m [1m0s[0m 4ms/step - accuracy: 1.0000 - loss: 2.6840e-04
Epoch 182/300

[1m 1/18[0m [32m=[0m[37m===================[0m [1m0s[0m 34ms/step - accuracy: 1.0000 - loss: 2.2647e-04
[1m18/18[0m [32m====================[0m[37m[0m [1m0s[0m 3ms/step - accuracy: 1.0000 - loss: 2.6400e-04 
Epoch 183/300

[1m 1/18[0m [32m=[0m[37m===================[0m [1m0s[0m 26ms/step - accuracy: 1.0000 - loss: 2.3005e-04
[1m18/18[0m [32m====================[0m[37m[0m [1m0s[0m 3ms/step - accuracy: 1.0000 - loss: 2.6003e-04 
Epoch 184/300

[1m 1/18[0m [32m=[0m[37m===================[0m [1m0s[0m 25ms/step - accuracy: 1.0000 - loss: 2.2492e-04
[1m18/18[0m [32m====================[0m[37m[0m [1m0s[0m 3ms/step - accuracy: 1.0000 - loss: 2.5619e-04 
Epoch 185/300

[1m 1/18[0m [32m=[0m[37m===================[0m [1m0s[0m 29ms/step - accuracy: 1.0000 - loss: 2.2254e-04
[1m18/18[0m [32m====================[0m[37m[0m [1m0s[0m 3ms/step - accuracy: 1.0000 - loss: 2.5223e-04 
Epoch 186/300

[1m 1/18[0m [32m=[0m[37m===================[0m [1m0s[0m 26ms/step - accuracy: 1.0000 - loss: 2.1837e-04
[1m18/18[0m [32m====================[0m[37m[0m [1m0s[0m 3ms/step - accuracy: 1.0000 - loss: 2.4870e-04 
Epoch 187/300

[1m 1/18[0m [32m=[0m[37m===================[0m [1m0s[0m 26ms/step - accuracy: 1.0000 - loss: 2.1646e-04
[1m18/18[0m [32m====================[0m[37m[0m [1m0s[0m 3ms/step - accuracy: 1.0000 - loss: 2.4481e-04 
Epoch 188/300

[1m 1/18[0m [32m=[0m[37m===================[0m [1m0s[0m 26ms/step - accuracy: 1.0000 - loss: 2.1324e-04
[1m18/18[0m [32m====================[0m[37m[0m [1m0s[0m 3ms/step - accuracy: 1.0000 - loss: 2.4139e-04 
Epoch 189/300

[1m 1/18[0m [32m=[0m[37m===================[0m [1m0s[0m 25ms/step - accuracy: 1.0000 - loss: 2.1193e-04
[1m18/18[0m [32m====================[0m[37m[0m [1m0s[0m 3ms/step - accuracy: 1.0000 - loss: 2.3787e-04 
Epoch 190/300

[1m 1/18[0m [32m=[0m[37m===================[0m [1m0s[0m 27ms/step - accuracy: 1.0000 - loss: 2.0454e-04
[1m18/18[0m [32m====================[0m[37m[0m [1m0s[0m 3ms/step - accuracy: 1.0000 - loss: 2.3457e-04 
Epoch 191/300

[1m 1/18[0m [32m=[0m[37m===================[0m [1m0s[0m 28ms/step - accuracy: 1.0000 - loss: 2.0299e-04
[1m18/18[0m [32m====================[0m[37m[0m [1m0s[0m 3ms/step - accuracy: 1.0000 - loss: 2.3087e-04 
Epoch 192/300

[1m 1/18[0m [32m=[0m[37m===================[0m [1m0s[0m 26ms/step - accuracy: 1.0000 - loss: 2.0299e-04
[1m18/18[0m [32m====================[0m[37m[0m [1m0s[0m 3ms/step - accuracy: 1.0000 - loss: 2.2739e-04 
Epoch 193/300

[1m 1/18[0m [32m=[0m[37m===================[0m [1m0s[0m 25ms/step - accuracy: 1.0000 - loss: 1.9906e-04
[1m18/18[0m [32m====================[0m[37m[0m [1m0s[0m 3ms/step - accuracy: 1.0000 - loss: 2.2437e-04 
Epoch 194/300

[1m 1/18[0m [32m=[0m[37m===================[0m [1m0s[0m 26ms/step - accuracy: 1.0000 - loss: 1.9787e-04
[1m18/18[0m [32m====================[0m[37m[0m [1m0s[0m 3ms/step - accuracy: 1.0000 - loss: 2.2107e-04 
Epoch 195/300

[1m 1/18[0m [32m=[0m[37m===================[0m [1m0s[0m 26ms/step - accuracy: 1.0000 - loss: 1.8952e-04
[1m18/18[0m [32m====================[0m[37m[0m [1m0s[0m 4ms/step - accuracy: 1.0000 - loss: 2.1802e-04 
Epoch 196/300

[1m 1/18[0m [32m=[0m[37m===================[0m [1m0s[0m 25ms/step - accuracy: 1.0000 - loss: 1.8833e-04
[1m18/18[0m [32m====================[0m[37m[0m [1m0s[0m 3ms/step - accuracy: 1.0000 - loss: 2.1467e-04 
Epoch 197/300

[1m 1/18[0m [32m=[0m[37m===================[0m [1m0s[0m 26ms/step - accuracy: 1.0000 - loss: 1.8952e-04
[1m18/18[0m [32m====================[0m[37m[0m [1m0s[0m 3ms/step - accuracy: 1.0000 - loss: 2.1151e-04 
Epoch 198/300

[1m 1/18[0m [32m=[0m[37m===================[0m [1m0s[0m 30ms/step - accuracy: 1.0000 - loss: 1.8535e-04
[1m18/18[0m [32m====================[0m[37m[0m [1m0s[0m 4ms/step - accuracy: 1.0000 - loss: 2.0865e-04 
Epoch 199/300

[1m 1/18[0m [32m=[0m[37m===================[0m [1m0s[0m 25ms/step - accuracy: 1.0000 - loss: 1.8416e-04
[1m18/18[0m [32m====================[0m[37m[0m [1m0s[0m 3ms/step - accuracy: 1.0000 - loss: 2.0572e-04 
Epoch 200/300

[1m 1/18[0m [32m=[0m[37m===================[0m [1m0s[0m 29ms/step - accuracy: 1.0000 - loss: 1.7892e-04
[1m18/18[0m [32m====================[0m[37m[0m [1m0s[0m 3ms/step - accuracy: 1.0000 - loss: 2.0297e-04 
Epoch 201/300

[1m 1/18[0m [32m=[0m[37m===================[0m [1m0s[0m 26ms/step - accuracy: 1.0000 - loss: 1.7594e-04
[1m18/18[0m [32m====================[0m[37m[0m [1m0s[0m 3ms/step - accuracy: 1.0000 - loss: 1.9977e-04 
Epoch 202/300

[1m 1/18[0m [32m=[0m[37m===================[0m [1m0s[0m 27ms/step - accuracy: 1.0000 - loss: 1.7677e-04
[1m18/18[0m [32m====================[0m[37m[0m [1m0s[0m 3ms/step - accuracy: 1.0000 - loss: 1.9694e-04 
Epoch 203/300

[1m 1/18[0m [32m=[0m[37m===================[0m [1m0s[0m 29ms/step - accuracy: 1.0000 - loss: 1.7391e-04
[1m18/18[0m [32m====================[0m[37m[0m [1m0s[0m 3ms/step - accuracy: 1.0000 - loss: 1.9435e-04 
Epoch 204/300

[1m 1/18[0m [32m=[0m[37m===================[0m [1m0s[0m 27ms/step - accuracy: 1.0000 - loss: 1.7236e-04
[1m18/18[0m [32m====================[0m[37m[0m [1m0s[0m 3ms/step - accuracy: 1.0000 - loss: 1.9139e-04 
Epoch 205/300

[1m 1/18[0m [32m=[0m[37m===================[0m [1m0s[0m 27ms/step - accuracy: 1.0000 - loss: 1.6962e-04
[1m18/18[0m [32m====================[0m[37m[0m [1m0s[0m 4ms/step - accuracy: 1.0000 - loss: 1.8898e-04 
Epoch 206/300

[1m 1/18[0m [32m=[0m[37m===================[0m [1m0s[0m 27ms/step - accuracy: 1.0000 - loss: 1.6712e-04
[1m17/18[0m [32m==================[0m[37m==[0m [1m0s[0m 3ms/step - accuracy: 1.0000 - loss: 1.9669e-04 
[1m18/18[0m [32m====================[0m[37m[0m [1m0s[0m 4ms/step - accuracy: 1.0000 - loss: 1.8609e-04
Epoch 207/300

[1m 1/18[0m [32m=[0m[37m===================[0m [1m0s[0m 27ms/step - accuracy: 1.0000 - loss: 1.6557e-04
[1m18/18[0m [32m====================[0m[37m[0m [1m0s[0m 3ms/step - accuracy: 1.0000 - loss: 1.8385e-04 
Epoch 208/300

[1m 1/18[0m [32m=[0m[37m===================[0m [1m0s[0m 34ms/step - accuracy: 1.0000 - loss: 1.6450e-04
[1m18/18[0m [32m====================[0m[37m[0m [1m0s[0m 4ms/step - accuracy: 1.0000 - loss: 1.8120e-04 
Epoch 209/300

[1m 1/18[0m [32m=[0m[37m===================[0m [1m0s[0m 27ms/step - accuracy: 1.0000 - loss: 1.5794e-04
[1m18/18[0m [32m====================[0m[37m[0m [1m0s[0m 3ms/step - accuracy: 1.0000 - loss: 1.7884e-04 
Epoch 210/300

[1m 1/18[0m [32m=[0m[37m===================[0m [1m0s[0m 25ms/step - accuracy: 1.0000 - loss: 1.5687e-04
[1m18/18[0m [32m====================[0m[37m[0m [1m0s[0m 3ms/step - accuracy: 1.0000 - loss: 1.7625e-04 
Epoch 211/300

[1m 1/18[0m [32m=[0m[37m===================[0m [1m0s[0m 25ms/step - accuracy: 1.0000 - loss: 1.5627e-04
[1m18/18[0m [32m====================[0m[37m[0m [1m0s[0m 4ms/step - accuracy: 1.0000 - loss: 1.7368e-04 
Epoch 212/300

[1m 1/18[0m [32m=[0m[37m===================[0m [1m0s[0m 28ms/step - accuracy: 1.0000 - loss: 1.5389e-04
[1m18/18[0m [32m====================[0m[37m[0m [1m0s[0m 4ms/step - accuracy: 1.0000 - loss: 1.7142e-04 
Epoch 213/300

[1m 1/18[0m [32m=[0m[37m===================[0m [1m0s[0m 26ms/step - accuracy: 1.0000 - loss: 1.5293e-04
[1m18/18[0m [32m====================[0m[37m[0m [1m0s[0m 3ms/step - accuracy: 1.0000 - loss: 1.6924e-04 
Epoch 214/300

[1m 1/18[0m [32m=[0m[37m===================[0m [1m0s[0m 30ms/step - accuracy: 1.0000 - loss: 1.4793e-04
[1m18/18[0m [32m====================[0m[37m[0m [1m0s[0m 3ms/step - accuracy: 1.0000 - loss: 1.6683e-04 
Epoch 215/300

[1m 1/18[0m [32m=[0m[37m===================[0m [1m0s[0m 25ms/step - accuracy: 1.0000 - loss: 1.4697e-04
[1m18/18[0m [32m====================[0m[37m[0m [1m0s[0m 4ms/step - accuracy: 1.0000 - loss: 1.6458e-04 
Epoch 216/300

[1m 1/18[0m [32m=[0m[37m===================[0m [1m0s[0m 28ms/step - accuracy: 1.0000 - loss: 1.4686e-04
[1m18/18[0m [32m====================[0m[37m[0m [1m0s[0m 3ms/step - accuracy: 1.0000 - loss: 1.6222e-04 
Epoch 217/300

[1m 1/18[0m [32m=[0m[37m===================[0m [1m0s[0m 30ms/step - accuracy: 1.0000 - loss: 1.4423e-04
[1m18/18[0m [32m====================[0m[37m[0m [1m0s[0m 3ms/step - accuracy: 1.0000 - loss: 1.6017e-04 
Epoch 218/300

[1m 1/18[0m [32m=[0m[37m===================[0m [1m0s[0m 29ms/step - accuracy: 1.0000 - loss: 1.4328e-04
[1m18/18[0m [32m====================[0m[37m[0m [1m0s[0m 3ms/step - accuracy: 1.0000 - loss: 1.5776e-04 
Epoch 219/300

[1m 1/18[0m [32m=[0m[37m===================[0m [1m0s[0m 28ms/step - accuracy: 1.0000 - loss: 1.4149e-04
[1m18/18[0m [32m====================[0m[37m[0m [1m0s[0m 4ms/step - accuracy: 1.0000 - loss: 1.5600e-04 
Epoch 220/300

[1m 1/18[0m [32m=[0m[37m===================[0m [1m0s[0m 30ms/step - accuracy: 1.0000 - loss: 1.3982e-04
[1m18/18[0m [32m====================[0m[37m[0m [1m0s[0m 3ms/step - accuracy: 1.0000 - loss: 1.5377e-04 
Epoch 221/300

[1m 1/18[0m [32m=[0m[37m===================[0m [1m0s[0m 28ms/step - accuracy: 1.0000 - loss: 1.3613e-04
[1m18/18[0m [32m====================[0m[37m[0m [1m0s[0m 4ms/step - accuracy: 1.0000 - loss: 1.5181e-04 
Epoch 222/300

[1m 1/18[0m [32m=[0m[37m===================[0m [1m0s[0m 37ms/step - accuracy: 1.0000 - loss: 1.3458e-04
[1m18/18[0m [32m====================[0m[37m[0m [1m0s[0m 4ms/step - accuracy: 1.0000 - loss: 1.4970e-04 
Epoch 223/300

[1m 1/18[0m [32m=[0m[37m===================[0m [1m0s[0m 25ms/step - accuracy: 1.0000 - loss: 1.3434e-04
[1m18/18[0m [32m====================[0m[37m[0m [1m0s[0m 4ms/step - accuracy: 1.0000 - loss: 1.4760e-04 
Epoch 224/300

[1m 1/18[0m [32m=[0m[37m===================[0m [1m0s[0m 26ms/step - accuracy: 1.0000 - loss: 1.3231e-04
[1m18/18[0m [32m====================[0m[37m[0m [1m0s[0m 3ms/step - accuracy: 1.0000 - loss: 1.4584e-04 
Epoch 225/300

[1m 1/18[0m [32m=[0m[37m===================[0m [1m0s[0m 26ms/step - accuracy: 1.0000 - loss: 1.3196e-04
[1m18/18[0m [32m====================[0m[37m[0m [1m0s[0m 3ms/step - accuracy: 1.0000 - loss: 1.4358e-04 
Epoch 226/300

[1m 1/18[0m [32m=[0m[37m===================[0m [1m0s[0m 34ms/step - accuracy: 1.0000 - loss: 1.2850e-04
[1m18/18[0m [32m====================[0m[37m[0m [1m0s[0m 3ms/step - accuracy: 1.0000 - loss: 1.4205e-04 
Epoch 227/300

[1m 1/18[0m [32m=[0m[37m===================[0m [1m0s[0m 27ms/step - accuracy: 1.0000 - loss: 1.2767e-04
[1m18/18[0m [32m====================[0m[37m[0m [1m0s[0m 3ms/step - accuracy: 1.0000 - loss: 1.4771e-04 
[1m18/18[0m [32m====================[0m[37m[0m [1m0s[0m 4ms/step - accuracy: 1.0000 - loss: 1.4008e-04
Epoch 228/300

[1m 1/18[0m [32m=[0m[37m===================[0m [1m0s[0m 34ms/step - accuracy: 1.0000 - loss: 1.2349e-04
[1m18/18[0m [32m====================[0m[37m[0m [1m0s[0m 3ms/step - accuracy: 1.0000 - loss: 1.3836e-04 
Epoch 229/300

[1m 1/18[0m [32m=[0m[37m===================[0m [1m0s[0m 28ms/step - accuracy: 1.0000 - loss: 1.2361e-04
[1m18/18[0m [32m====================[0m[37m[0m [1m0s[0m 3ms/step - accuracy: 1.0000 - loss: 1.3639e-04 
Epoch 230/300

[1m 1/18[0m [32m=[0m[37m===================[0m [1m0s[0m 25ms/step - accuracy: 1.0000 - loss: 1.2290e-04
[1m18/18[0m [32m====================[0m[37m[0m [1m0s[0m 3ms/step - accuracy: 1.0000 - loss: 1.4183e-04 
[1m18/18[0m [32m====================[0m[37m[0m [1m0s[0m 4ms/step - accuracy: 1.0000 - loss: 1.3458e-04
Epoch 231/300

[1m 1/18[0m [32m=[0m[37m===================[0m [1m0s[0m 29ms/step - accuracy: 1.0000 - loss: 1.2182e-04
[1m17/18[0m [32m==================[0m[37m==[0m [1m0s[0m 3ms/step - accuracy: 1.0000 - loss: 1.4004e-04 
[1m18/18[0m [32m====================[0m[37m[0m [1m0s[0m 4ms/step - accuracy: 1.0000 - loss: 1.3293e-04
Epoch 232/300

[1m 1/18[0m [32m=[0m[37m===================[0m [1m0s[0m 28ms/step - accuracy: 1.0000 - loss: 1.2075e-04
[1m18/18[0m [32m====================[0m[37m[0m [1m0s[0m 3ms/step - accuracy: 1.0000 - loss: 1.3104e-04 
Epoch 233/300

[1m 1/18[0m [32m=[0m[37m===================[0m [1m0s[0m 27ms/step - accuracy: 1.0000 - loss: 1.1849e-04
[1m18/18[0m [32m====================[0m[37m[0m [1m0s[0m 3ms/step - accuracy: 1.0000 - loss: 1.2946e-04 
Epoch 234/300

[1m 1/18[0m [32m=[0m[37m===================[0m [1m0s[0m 28ms/step - accuracy: 1.0000 - loss: 1.1765e-04
[1m18/18[0m [32m====================[0m[37m[0m [1m0s[0m 3ms/step - accuracy: 1.0000 - loss: 1.2780e-04 
Epoch 235/300

[1m 1/18[0m [32m=[0m[37m===================[0m [1m0s[0m 34ms/step - accuracy: 1.0000 - loss: 1.1408e-04
[1m18/18[0m [32m====================[0m[37m[0m [1m0s[0m 4ms/step - accuracy: 1.0000 - loss: 1.2621e-04 
Epoch 236/300

[1m 1/18[0m [32m=[0m[37m===================[0m [1m0s[0m 28ms/step - accuracy: 1.0000 - loss: 1.1408e-04
[1m18/18[0m [32m====================[0m[37m[0m [1m0s[0m 4ms/step - accuracy: 1.0000 - loss: 1.2445e-04 
Epoch 237/300

[1m 1/18[0m [32m=[0m[37m===================[0m [1m0s[0m 26ms/step - accuracy: 1.0000 - loss: 1.1300e-04
[1m18/18[0m [32m====================[0m[37m[0m [1m0s[0m 3ms/step - accuracy: 1.0000 - loss: 1.2292e-04 
Epoch 238/300

[1m 1/18[0m [32m=[0m[37m===================[0m [1m0s[0m 24ms/step - accuracy: 1.0000 - loss: 1.1110e-04
[1m18/18[0m [32m====================[0m[37m[0m [1m0s[0m 3ms/step - accuracy: 1.0000 - loss: 1.2128e-04 
Epoch 239/300

[1m 1/18[0m [32m=[0m[37m===================[0m [1m0s[0m 25ms/step - accuracy: 1.0000 - loss: 1.1122e-04
[1m18/18[0m [32m====================[0m[37m[0m [1m0s[0m 3ms/step - accuracy: 1.0000 - loss: 1.1970e-04 
Epoch 240/300

[1m 1/18[0m [32m=[0m[37m===================[0m [1m0s[0m 26ms/step - accuracy: 1.0000 - loss: 1.0871e-04
[1m18/18[0m [32m====================[0m[37m[0m [1m0s[0m 3ms/step - accuracy: 1.0000 - loss: 1.1822e-04 
Epoch 241/300

[1m 1/18[0m [32m=[0m[37m===================[0m [1m0s[0m 27ms/step - accuracy: 1.0000 - loss: 1.0871e-04
[1m18/18[0m [32m====================[0m[37m[0m [1m0s[0m 3ms/step - accuracy: 1.0000 - loss: 1.1676e-04 
Epoch 242/300

[1m 1/18[0m [32m=[0m[37m===================[0m [1m0s[0m 26ms/step - accuracy: 1.0000 - loss: 1.0645e-04
[1m18/18[0m [32m====================[0m[37m[0m [1m0s[0m 3ms/step - accuracy: 1.0000 - loss: 1.1529e-04 
Epoch 243/300

[1m 1/18[0m [32m=[0m[37m===================[0m [1m0s[0m 26ms/step - accuracy: 1.0000 - loss: 1.0538e-04
[1m18/18[0m [32m====================[0m[37m[0m [1m0s[0m 3ms/step - accuracy: 1.0000 - loss: 1.1372e-04 
Epoch 244/300

[1m 1/18[0m [32m=[0m[37m===================[0m [1m0s[0m 26ms/step - accuracy: 1.0000 - loss: 1.0347e-04
[1m18/18[0m [32m====================[0m[37m[0m [1m0s[0m 3ms/step - accuracy: 1.0000 - loss: 1.1239e-04 
Epoch 245/300

[1m 1/18[0m [32m=[0m[37m===================[0m [1m0s[0m 25ms/step - accuracy: 1.0000 - loss: 1.0299e-04
[1m18/18[0m [32m====================[0m[37m[0m [1m0s[0m 3ms/step - accuracy: 1.0000 - loss: 1.1098e-04 
Epoch 246/300

[1m 1/18[0m [32m=[0m[37m===================[0m [1m0s[0m 26ms/step - accuracy: 1.0000 - loss: 9.9773e-05
[1m18/18[0m [32m====================[0m[37m[0m [1m0s[0m 3ms/step - accuracy: 1.0000 - loss: 1.0964e-04 
Epoch 247/300

[1m 1/18[0m [32m=[0m[37m===================[0m [1m0s[0m 26ms/step - accuracy: 1.0000 - loss: 9.8939e-05
[1m18/18[0m [32m====================[0m[37m[0m [1m0s[0m 3ms/step - accuracy: 1.0000 - loss: 1.0812e-04 
Epoch 248/300

[1m 1/18[0m [32m=[0m[37m===================[0m [1m0s[0m 26ms/step - accuracy: 1.0000 - loss: 9.8939e-05
[1m18/18[0m [32m====================[0m[37m[0m [1m0s[0m 3ms/step - accuracy: 1.0000 - loss: 1.0669e-04 
Epoch 249/300

[1m 1/18[0m [32m=[0m[37m===================[0m [1m0s[0m 25ms/step - accuracy: 1.0000 - loss: 9.7628e-05
[1m18/18[0m [32m====================[0m[37m[0m [1m0s[0m 3ms/step - accuracy: 1.0000 - loss: 1.0554e-04 
Epoch 250/300

[1m 1/18[0m [32m=[0m[37m===================[0m [1m0s[0m 28ms/step - accuracy: 1.0000 - loss: 9.6793e-05
[1m18/18[0m [32m====================[0m[37m[0m [1m0s[0m 4ms/step - accuracy: 1.0000 - loss: 1.0403e-04 
Epoch 251/300

[1m 1/18[0m [32m=[0m[37m===================[0m [1m0s[0m 32ms/step - accuracy: 1.0000 - loss: 9.4886e-05
[1m18/18[0m [32m====================[0m[37m[0m [1m0s[0m 3ms/step - accuracy: 1.0000 - loss: 1.0294e-04 
Epoch 252/300

[1m 1/18[0m [32m=[0m[37m===================[0m [1m0s[0m 26ms/step - accuracy: 1.0000 - loss: 9.4528e-05
[1m18/18[0m [32m====================[0m[37m[0m [1m0s[0m 3ms/step - accuracy: 1.0000 - loss: 1.0145e-04 
Epoch 253/300

[1m 1/18[0m [32m=[0m[37m===================[0m [1m0s[0m 30ms/step - accuracy: 1.0000 - loss: 9.2502e-05
[1m18/18[0m [32m====================[0m[37m[0m [1m0s[0m 4ms/step - accuracy: 1.0000 - loss: 1.0034e-04 
Epoch 254/300

[1m 1/18[0m [32m=[0m[37m===================[0m [1m0s[0m 25ms/step - accuracy: 1.0000 - loss: 9.2502e-05
[1m18/18[0m [32m====================[0m[37m[0m [1m0s[0m 3ms/step - accuracy: 1.0000 - loss: 9.9090e-05 
Epoch 255/300

[1m 1/18[0m [32m=[0m[37m===================[0m [1m0s[0m 27ms/step - accuracy: 1.0000 - loss: 8.9761e-05
[1m18/18[0m [32m====================[0m[37m[0m [1m0s[0m 3ms/step - accuracy: 1.0000 - loss: 9.7911e-05 
Epoch 256/300

[1m 1/18[0m [32m=[0m[37m===================[0m [1m0s[0m 28ms/step - accuracy: 1.0000 - loss: 8.9403e-05
[1m18/18[0m [32m====================[0m[37m[0m [1m0s[0m 3ms/step - accuracy: 1.0000 - loss: 9.6540e-05 
Epoch 257/300

[1m 1/18[0m [32m=[0m[37m===================[0m [1m0s[0m 25ms/step - accuracy: 1.0000 - loss: 8.9284e-05
[1m18/18[0m [32m====================[0m[37m[0m [1m0s[0m 3ms/step - accuracy: 1.0000 - loss: 9.5375e-05 
Epoch 258/300

[1m 1/18[0m [32m=[0m[37m===================[0m [1m0s[0m 28ms/step - accuracy: 1.0000 - loss: 8.7496e-05
[1m18/18[0m [32m====================[0m[37m[0m [1m0s[0m 3ms/step - accuracy: 1.0000 - loss: 9.9165e-05 
[1m18/18[0m [32m====================[0m[37m[0m [1m0s[0m 4ms/step - accuracy: 1.0000 - loss: 9.4170e-05
Epoch 259/300

[1m 1/18[0m [32m=[0m[37m===================[0m [1m0s[0m 30ms/step - accuracy: 1.0000 - loss: 8.6781e-05
[1m18/18[0m [32m====================[0m[37m[0m [1m0s[0m 4ms/step - accuracy: 1.0000 - loss: 9.3051e-05 
Epoch 260/300

[1m 1/18[0m [32m=[0m[37m===================[0m [1m0s[0m 31ms/step - accuracy: 1.0000 - loss: 8.5469e-05
[1m18/18[0m [32m====================[0m[37m[0m [1m0s[0m 3ms/step - accuracy: 1.0000 - loss: 9.1938e-05 
Epoch 261/300

[1m 1/18[0m [32m=[0m[37m===================[0m [1m0s[0m 26ms/step - accuracy: 1.0000 - loss: 8.5946e-05
[1m18/18[0m [32m====================[0m[37m[0m [1m0s[0m 3ms/step - accuracy: 1.0000 - loss: 9.0746e-05 
Epoch 262/300

[1m 1/18[0m [32m=[0m[37m===================[0m [1m0s[0m 35ms/step - accuracy: 1.0000 - loss: 8.3681e-05
[1m18/18[0m [32m====================[0m[37m[0m [1m0s[0m 3ms/step - accuracy: 1.0000 - loss: 8.9746e-05 
Epoch 263/300

[1m 1/18[0m [32m=[0m[37m===================[0m [1m0s[0m 30ms/step - accuracy: 1.0000 - loss: 8.3681e-05
[1m18/18[0m [32m====================[0m[37m[0m [1m0s[0m 4ms/step - accuracy: 1.0000 - loss: 8.8654e-05 
Epoch 264/300

[1m 1/18[0m [32m=[0m[37m===================[0m [1m0s[0m 29ms/step - accuracy: 1.0000 - loss: 8.1059e-05
[1m18/18[0m [32m====================[0m[37m[0m [1m0s[0m 4ms/step - accuracy: 1.0000 - loss: 8.7561e-05 
Epoch 265/300

[1m 1/18[0m [32m=[0m[37m===================[0m [1m0s[0m 25ms/step - accuracy: 1.0000 - loss: 7.9867e-05
[1m18/18[0m [32m====================[0m[37m[0m [1m0s[0m 4ms/step - accuracy: 1.0000 - loss: 8.6422e-05 
Epoch 266/300

[1m 1/18[0m [32m=[0m[37m===================[0m [1m0s[0m 26ms/step - accuracy: 1.0000 - loss: 8.0225e-05
[1m18/18[0m [32m====================[0m[37m[0m [1m0s[0m 3ms/step - accuracy: 1.0000 - loss: 8.5336e-05 
Epoch 267/300

[1m 1/18[0m [32m=[0m[37m===================[0m [1m0s[0m 27ms/step - accuracy: 1.0000 - loss: 7.9271e-05
[1m18/18[0m [32m====================[0m[37m[0m [1m0s[0m 4ms/step - accuracy: 1.0000 - loss: 8.4343e-05 
Epoch 268/300

[1m 1/18[0m [32m=[0m[37m===================[0m [1m0s[0m 29ms/step - accuracy: 1.0000 - loss: 7.8437e-05
[1m18/18[0m [32m====================[0m[37m[0m [1m0s[0m 4ms/step - accuracy: 1.0000 - loss: 8.3296e-05 
Epoch 269/300

[1m 1/18[0m [32m=[0m[37m===================[0m [1m0s[0m 31ms/step - accuracy: 1.0000 - loss: 7.7245e-05
[1m18/18[0m [32m====================[0m[37m[0m [1m0s[0m 3ms/step - accuracy: 1.0000 - loss: 8.2356e-05 
Epoch 270/300

[1m 1/18[0m [32m=[0m[37m===================[0m [1m0s[0m 27ms/step - accuracy: 1.0000 - loss: 7.7006e-05
[1m18/18[0m [32m====================[0m[37m[0m [1m0s[0m 4ms/step - accuracy: 1.0000 - loss: 8.1244e-05 
Epoch 271/300

[1m 1/18[0m [32m=[0m[37m===================[0m [1m0s[0m 26ms/step - accuracy: 1.0000 - loss: 7.5576e-05
[1m18/18[0m [32m====================[0m[37m[0m [1m0s[0m 3ms/step - accuracy: 1.0000 - loss: 8.0409e-05 
Epoch 272/300

[1m 1/18[0m [32m=[0m[37m===================[0m [1m0s[0m 30ms/step - accuracy: 1.0000 - loss: 7.5099e-05
[1m18/18[0m [32m====================[0m[37m[0m [1m0s[0m 3ms/step - accuracy: 1.0000 - loss: 7.9323e-05 
Epoch 273/300

[1m 1/18[0m [32m=[0m[37m===================[0m [1m0s[0m 25ms/step - accuracy: 1.0000 - loss: 7.3311e-05
[1m18/18[0m [32m====================[0m[37m[0m [1m0s[0m 3ms/step - accuracy: 1.0000 - loss: 7.8449e-05 
Epoch 274/300

[1m 1/18[0m [32m=[0m[37m===================[0m [1m0s[0m 41ms/step - accuracy: 1.0000 - loss: 7.3430e-05
[1m18/18[0m [32m====================[0m[37m[0m [1m0s[0m 3ms/step - accuracy: 1.0000 - loss: 7.7416e-05 
Epoch 275/300

[1m 1/18[0m [32m=[0m[37m===================[0m [1m0s[0m 29ms/step - accuracy: 1.0000 - loss: 7.1761e-05
[1m18/18[0m [32m====================[0m[37m[0m [1m0s[0m 3ms/step - accuracy: 1.0000 - loss: 7.6588e-05 
Epoch 276/300

[1m 1/18[0m [32m=[0m[37m===================[0m [1m0s[0m 28ms/step - accuracy: 1.0000 - loss: 7.1404e-05
[1m18/18[0m [32m====================[0m[37m[0m [1m0s[0m 4ms/step - accuracy: 1.0000 - loss: 7.5794e-05 
Epoch 277/300

[1m 1/18[0m [32m=[0m[37m===================[0m [1m0s[0m 25ms/step - accuracy: 1.0000 - loss: 6.9020e-05
[1m18/18[0m [32m====================[0m[37m[0m [1m0s[0m 3ms/step - accuracy: 1.0000 - loss: 7.4734e-05 
Epoch 278/300

[1m 1/18[0m [32m=[0m[37m===================[0m [1m0s[0m 26ms/step - accuracy: 1.0000 - loss: 6.9258e-05
[1m18/18[0m [32m====================[0m[37m[0m [1m0s[0m 3ms/step - accuracy: 1.0000 - loss: 7.3774e-05 
Epoch 279/300

[1m 1/18[0m [32m=[0m[37m===================[0m [1m0s[0m 32ms/step - accuracy: 1.0000 - loss: 6.8662e-05
[1m18/18[0m [32m====================[0m[37m[0m [1m0s[0m 3ms/step - accuracy: 1.0000 - loss: 7.2959e-05 
Epoch 280/300

[1m 1/18[0m [32m=[0m[37m===================[0m [1m0s[0m 25ms/step - accuracy: 1.0000 - loss: 6.7947e-05
[1m18/18[0m [32m====================[0m[37m[0m [1m0s[0m 3ms/step - accuracy: 1.0000 - loss: 7.2118e-05 
Epoch 281/300

[1m 1/18[0m [32m=[0m[37m===================[0m [1m0s[0m 27ms/step - accuracy: 1.0000 - loss: 6.5682e-05
[1m18/18[0m [32m====================[0m[37m[0m [1m0s[0m 4ms/step - accuracy: 1.0000 - loss: 7.1284e-05 
Epoch 282/300

[1m 1/18[0m [32m=[0m[37m===================[0m [1m0s[0m 29ms/step - accuracy: 1.0000 - loss: 6.5325e-05
[1m18/18[0m [32m====================[0m[37m[0m [1m0s[0m 4ms/step - accuracy: 1.0000 - loss: 7.0357e-05 
Epoch 283/300

[1m 1/18[0m [32m=[0m[37m===================[0m [1m0s[0m 29ms/step - accuracy: 1.0000 - loss: 6.5682e-05
[1m18/18[0m [32m====================[0m[37m[0m [1m0s[0m 3ms/step - accuracy: 1.0000 - loss: 6.9496e-05 
Epoch 284/300

[1m 1/18[0m [32m=[0m[37m===================[0m [1m0s[0m 27ms/step - accuracy: 1.0000 - loss: 6.4252e-05
[1m18/18[0m [32m====================[0m[37m[0m [1m0s[0m 4ms/step - accuracy: 1.0000 - loss: 6.8768e-05 
Epoch 285/300

[1m 1/18[0m [32m=[0m[37m===================[0m [1m0s[0m 29ms/step - accuracy: 1.0000 - loss: 6.3775e-05
[1m18/18[0m [32m====================[0m[37m[0m [1m0s[0m 3ms/step - accuracy: 1.0000 - loss: 6.7900e-05 
Epoch 286/300

[1m 1/18[0m [32m=[0m[37m===================[0m [1m0s[0m 26ms/step - accuracy: 1.0000 - loss: 6.2821e-05
[1m18/18[0m [32m====================[0m[37m[0m [1m0s[0m 3ms/step - accuracy: 1.0000 - loss: 6.7152e-05 
Epoch 287/300

[1m 1/18[0m [32m=[0m[37m===================[0m [1m0s[0m 27ms/step - accuracy: 1.0000 - loss: 6.2702e-05
[1m16/18[0m [32m=================[0m[37m===[0m [1m0s[0m 3ms/step - accuracy: 1.0000 - loss: 7.0514e-05 
[1m18/18[0m [32m====================[0m[37m[0m [1m0s[0m 4ms/step - accuracy: 1.0000 - loss: 6.6317e-05
Epoch 288/300

[1m 1/18[0m [32m=[0m[37m===================[0m [1m0s[0m 25ms/step - accuracy: 1.0000 - loss: 6.1272e-05
[1m18/18[0m [32m====================[0m[37m[0m [1m0s[0m 3ms/step - accuracy: 1.0000 - loss: 6.5543e-05 
Epoch 289/300

[1m 1/18[0m [32m=[0m[37m===================[0m [1m0s[0m 25ms/step - accuracy: 1.0000 - loss: 6.1152e-05
[1m18/18[0m [32m====================[0m[37m[0m [1m0s[0m 3ms/step - accuracy: 1.0000 - loss: 6.4794e-05 
Epoch 290/300

[1m 1/18[0m [32m=[0m[37m===================[0m [1m0s[0m 30ms/step - accuracy: 1.0000 - loss: 5.9960e-05
[1m18/18[0m [32m====================[0m[37m[0m [1m0s[0m 4ms/step - accuracy: 1.0000 - loss: 6.4033e-05 
Epoch 291/300

[1m 1/18[0m [32m=[0m[37m===================[0m [1m0s[0m 30ms/step - accuracy: 1.0000 - loss: 5.9722e-05
[1m18/18[0m [32m====================[0m[37m[0m [1m0s[0m 3ms/step - accuracy: 1.0000 - loss: 6.3278e-05 
Epoch 292/300

[1m 1/18[0m [32m=[0m[37m===================[0m [1m0s[0m 31ms/step - accuracy: 1.0000 - loss: 5.8411e-05
[1m18/18[0m [32m====================[0m[37m[0m [1m0s[0m 3ms/step - accuracy: 1.0000 - loss: 6.2516e-05 
Epoch 293/300

[1m 1/18[0m [32m=[0m[37m===================[0m [1m0s[0m 26ms/step - accuracy: 1.0000 - loss: 5.8649e-05
[1m18/18[0m [32m====================[0m[37m[0m [1m0s[0m 3ms/step - accuracy: 1.0000 - loss: 6.1741e-05 
Epoch 294/300

[1m 1/18[0m [32m=[0m[37m===================[0m [1m0s[0m 27ms/step - accuracy: 1.0000 - loss: 5.7338e-05
[1m18/18[0m [32m====================[0m[37m[0m [1m0s[0m 3ms/step - accuracy: 1.0000 - loss: 6.1112e-05 
Epoch 295/300

[1m 1/18[0m [32m=[0m[37m===================[0m [1m0s[0m 26ms/step - accuracy: 1.0000 - loss: 5.6980e-05
[1m18/18[0m [32m====================[0m[37m[0m [1m0s[0m 3ms/step - accuracy: 1.0000 - loss: 6.0397e-05 
Epoch 296/300

[1m 1/18[0m [32m=[0m[37m===================[0m [1m0s[0m 26ms/step - accuracy: 1.0000 - loss: 5.6027e-05
[1m18/18[0m [32m====================[0m[37m[0m [1m0s[0m 3ms/step - accuracy: 1.0000 - loss: 5.9662e-05 
Epoch 297/300

[1m 1/18[0m [32m=[0m[37m===================[0m [1m0s[0m 25ms/step - accuracy: 1.0000 - loss: 5.5669e-05
[1m18/18[0m [32m====================[0m[37m[0m [1m0s[0m 3ms/step - accuracy: 1.0000 - loss: 5.8967e-05 
Epoch 298/300

[1m 1/18[0m [32m=[0m[37m===================[0m [1m0s[0m 26ms/step - accuracy: 1.0000 - loss: 5.4835e-05
[1m18/18[0m [32m====================[0m[37m[0m [1m0s[0m 3ms/step - accuracy: 1.0000 - loss: 5.8311e-05 
Epoch 299/300

[1m 1/18[0m [32m=[0m[37m===================[0m [1m0s[0m 25ms/step - accuracy: 1.0000 - loss: 5.4358e-05
[1m18/18[0m [32m====================[0m[37m[0m [1m0s[0m 3ms/step - accuracy: 1.0000 - loss: 5.7622e-05 
Epoch 300/300

[1m 1/18[0m [32m=[0m[37m===================[0m [1m0s[0m 27ms/step - accuracy: 1.0000 - loss: 5.3285e-05
[1m18/18[0m [32m====================[0m[37m[0m [1m0s[0m 3ms/step - accuracy: 1.0000 - loss: 5.6953e-05 

=== Tiny Overfit Summary ===
Subset size: 18
Class counts in tiny subset:
  - 0 (attack_air): 2
  - 1 (defense_air): 2
  - 2 (attack_fire): 2
  - 3 (defense_fire): 2
  - 4 (attack_water): 2
  - 5 (defense_water): 2
  - 6 (attack_earth): 2
  - 7 (defense_earth): 2
  - 8 (idle): 2
Final training accuracy: 1.0000
Final training loss: 0.0001
Model type used: mlp

Interpretation hint:
- Very high final training accuracy suggests the current pipeline can memorize a tiny dataset.

=== Saved Tiny Overfit Outputs ===
- Tiny history CSV: D:\Documentos\Python Projects\Avatar-Arcade-Game\models\experiment_runs\20260412_074949\tiny_overfit_mlp\tiny_overfit_mlp_history.csv
- Tiny history plot: D:\Documentos\Python Projects\Avatar-Arcade-Game\models\experiment_runs\20260412_074949\tiny_overfit_mlp\tiny_overfit_mlp_history.png
